2025-10-27 11:55:40 [background-preinit] INFO  o.h.validator.internal.util.Version - HV000001: Hibernate Validator 8.0.3.Final
2025-10-27 11:55:40 [restartedMain] INFO  com.transport.VanchuyenApplication - Starting VanchuyenApplication using Java 21.0.7 with PID 17788 (D:\ITS\Truck\target\classes started by LENOVO in D:\ITS\Truck)
2025-10-27 11:55:40 [restartedMain] INFO  com.transport.VanchuyenApplication - No active profile set, falling back to 1 default profile: "default"
2025-10-27 11:55:40 [restartedMain] INFO  o.s.b.d.e.DevToolsPropertyDefaultsPostProcessor - Devtools property defaults active! Set 'spring.devtools.add-properties' to 'false' to disable
2025-10-27 11:55:40 [restartedMain] INFO  o.s.b.d.e.DevToolsPropertyDefaultsPostProcessor - For additional web related logging consider setting the 'logging.level.web' property to 'DEBUG'
2025-10-27 11:55:43 [restartedMain] INFO  o.s.d.r.c.RepositoryConfigurationDelegate - Bootstrapping Spring Data JPA repositories in DEFAULT mode.
2025-10-27 11:55:43 [restartedMain] INFO  o.s.d.r.c.RepositoryConfigurationDelegate - Finished Spring Data repository scanning in 222 ms. Found 3 JPA repository interfaces.
2025-10-27 11:55:46 [restartedMain] INFO  o.s.b.w.e.tomcat.TomcatWebServer - Tomcat initialized with port 8080 (http)
2025-10-27 11:55:46 [restartedMain] INFO  o.a.coyote.http11.Http11NioProtocol - Initializing ProtocolHandler ["http-nio-8080"]
2025-10-27 11:55:46 [restartedMain] INFO  o.a.catalina.core.StandardService - Starting service [Tomcat]
2025-10-27 11:55:46 [restartedMain] INFO  o.a.catalina.core.StandardEngine - Starting Servlet engine: [Apache Tomcat/10.1.46]
2025-10-27 11:55:46 [restartedMain] INFO  o.a.c.c.C.[Tomcat].[localhost].[/] - Initializing Spring embedded WebApplicationContext
2025-10-27 11:55:46 [restartedMain] INFO  o.s.b.w.s.c.ServletWebServerApplicationContext - Root WebApplicationContext: initialization completed in 6226 ms
2025-10-27 11:55:47 [restartedMain] INFO  o.h.jpa.internal.util.LogHelper - HHH000204: Processing PersistenceUnitInfo [name: default]
2025-10-27 11:55:47 [restartedMain] INFO  org.hibernate.Version - HHH000412: Hibernate ORM core version 6.6.29.Final
2025-10-27 11:55:47 [restartedMain] INFO  o.h.c.i.RegionFactoryInitiator - HHH000026: Second-level cache disabled
2025-10-27 11:55:49 [restartedMain] INFO  o.s.o.j.p.SpringPersistenceUnitInfo - No LoadTimeWeaver setup: ignoring JPA class transformer
2025-10-27 11:55:49 [restartedMain] INFO  com.zaxxer.hikari.HikariDataSource - HikariPool-1 - Starting...
2025-10-27 11:55:51 [restartedMain] INFO  com.zaxxer.hikari.pool.HikariPool - HikariPool-1 - Added connection com.mysql.cj.jdbc.ConnectionImpl@46191c02
2025-10-27 11:55:51 [restartedMain] INFO  com.zaxxer.hikari.HikariDataSource - HikariPool-1 - Start completed.
2025-10-27 11:55:51 [restartedMain] WARN  org.hibernate.orm.deprecation - HHH90000025: MySQLDialect does not need to be specified explicitly using 'hibernate.dialect' (remove the property setting and it will be selected by default)
2025-10-27 11:55:51 [restartedMain] INFO  o.hibernate.orm.connections.pooling - HHH10001005: Database info:
	Database JDBC URL [Connecting through datasource 'HikariDataSource (HikariPool-1)']
	Database driver: undefined/unknown
	Database version: 8.0.30
	Autocommit mode: undefined/unknown
	Isolation level: undefined/unknown
	Minimum pool size: undefined/unknown
	Maximum pool size: undefined/unknown
2025-10-27 11:55:58 [restartedMain] INFO  o.h.e.t.j.p.i.JtaPlatformInitiator - HHH000489: No JTA platform available (set 'hibernate.transaction.jta.platform' to enable JTA platform integration)
2025-10-27 11:55:58 [restartedMain] INFO  o.s.o.j.LocalContainerEntityManagerFactoryBean - Initialized JPA EntityManagerFactory for persistence unit 'default'
2025-10-27 11:56:01 [restartedMain] WARN  o.s.b.a.o.j.JpaBaseConfiguration$JpaWebConfiguration - spring.jpa.open-in-view is enabled by default. Therefore, database queries may be performed during view rendering. Explicitly configure spring.jpa.open-in-view to disable this warning
2025-10-27 11:56:03 [restartedMain] INFO  o.s.b.d.a.OptionalLiveReloadServer - LiveReload server is running on port 35729
2025-10-27 11:56:03 [restartedMain] INFO  o.a.coyote.http11.Http11NioProtocol - Starting ProtocolHandler ["http-nio-8080"]
2025-10-27 11:56:04 [restartedMain] INFO  o.s.b.w.e.tomcat.TomcatWebServer - Tomcat started on port 8080 (http) with context path '/'
2025-10-27 11:56:04 [restartedMain] INFO  com.transport.VanchuyenApplication - Started VanchuyenApplication in 25.525 seconds (process running for 27.592)
2025-10-27 11:56:29 [File Watcher] INFO  o.s.b.d.a.LocalDevToolsAutoConfiguration$RestartingClassPathChangeChangedEventListener - Restarting due to 1 class path change (0 additions, 0 deletions, 1 modification)
2025-10-27 11:56:29 [Thread-5] INFO  o.s.b.w.e.tomcat.GracefulShutdown - Commencing graceful shutdown. Waiting for active requests to complete
2025-10-27 11:56:29 [tomcat-shutdown] INFO  o.a.coyote.http11.Http11NioProtocol - Pausing ProtocolHandler ["http-nio-8080"]
2025-10-27 11:56:29 [tomcat-shutdown] INFO  o.s.b.w.e.tomcat.GracefulShutdown - Graceful shutdown complete
2025-10-27 11:56:29 [Thread-5] INFO  o.a.coyote.http11.Http11NioProtocol - Stopping ProtocolHandler ["http-nio-8080"]
2025-10-27 11:56:29 [Thread-5] INFO  o.s.o.j.LocalContainerEntityManagerFactoryBean - Closing JPA EntityManagerFactory for persistence unit 'default'
2025-10-27 11:56:29 [Thread-5] INFO  com.zaxxer.hikari.HikariDataSource - HikariPool-1 - Shutdown initiated...
2025-10-27 11:56:29 [Thread-5] INFO  com.zaxxer.hikari.HikariDataSource - HikariPool-1 - Shutdown completed.
2025-10-27 11:56:29 [restartedMain] INFO  com.transport.VanchuyenApplication - Starting VanchuyenApplication using Java 21.0.7 with PID 17788 (D:\ITS\Truck\target\classes started by LENOVO in D:\ITS\Truck)
2025-10-27 11:56:29 [restartedMain] INFO  com.transport.VanchuyenApplication - No active profile set, falling back to 1 default profile: "default"
2025-10-27 11:56:31 [restartedMain] INFO  o.s.d.r.c.RepositoryConfigurationDelegate - Bootstrapping Spring Data JPA repositories in DEFAULT mode.
2025-10-27 11:56:31 [restartedMain] INFO  o.s.d.r.c.RepositoryConfigurationDelegate - Finished Spring Data repository scanning in 178 ms. Found 3 JPA repository interfaces.
2025-10-27 11:56:31 [restartedMain] INFO  o.s.b.w.e.tomcat.TomcatWebServer - Tomcat initialized with port 8080 (http)
2025-10-27 11:56:32 [restartedMain] INFO  o.a.coyote.http11.Http11NioProtocol - Initializing ProtocolHandler ["http-nio-8080"]
2025-10-27 11:56:32 [restartedMain] INFO  o.a.catalina.core.StandardService - Starting service [Tomcat]
2025-10-27 11:56:32 [restartedMain] INFO  o.a.catalina.core.StandardEngine - Starting Servlet engine: [Apache Tomcat/10.1.46]
2025-10-27 11:56:32 [restartedMain] INFO  o.a.c.c.C.[Tomcat].[localhost].[/] - Initializing Spring embedded WebApplicationContext
2025-10-27 11:56:32 [restartedMain] INFO  o.s.b.w.s.c.ServletWebServerApplicationContext - Root WebApplicationContext: initialization completed in 2137 ms
2025-10-27 11:56:32 [restartedMain] INFO  o.h.jpa.internal.util.LogHelper - HHH000204: Processing PersistenceUnitInfo [name: default]
2025-10-27 11:56:32 [restartedMain] INFO  o.h.c.i.RegionFactoryInitiator - HHH000026: Second-level cache disabled
2025-10-27 11:56:32 [restartedMain] INFO  o.s.o.j.p.SpringPersistenceUnitInfo - No LoadTimeWeaver setup: ignoring JPA class transformer
2025-10-27 11:56:32 [restartedMain] INFO  com.zaxxer.hikari.HikariDataSource - HikariPool-2 - Starting...
2025-10-27 11:56:32 [restartedMain] INFO  com.zaxxer.hikari.pool.HikariPool - HikariPool-2 - Added connection com.mysql.cj.jdbc.ConnectionImpl@38d7c487
2025-10-27 11:56:32 [restartedMain] INFO  com.zaxxer.hikari.HikariDataSource - HikariPool-2 - Start completed.
2025-10-27 11:56:32 [restartedMain] WARN  org.hibernate.orm.deprecation - HHH90000025: MySQLDialect does not need to be specified explicitly using 'hibernate.dialect' (remove the property setting and it will be selected by default)
2025-10-27 11:56:32 [restartedMain] INFO  o.hibernate.orm.connections.pooling - HHH10001005: Database info:
	Database JDBC URL [Connecting through datasource 'HikariDataSource (HikariPool-2)']
	Database driver: undefined/unknown
	Database version: 8.0.30
	Autocommit mode: undefined/unknown
	Isolation level: undefined/unknown
	Minimum pool size: undefined/unknown
	Maximum pool size: undefined/unknown
2025-10-27 11:56:33 [restartedMain] INFO  o.h.e.t.j.p.i.JtaPlatformInitiator - HHH000489: No JTA platform available (set 'hibernate.transaction.jta.platform' to enable JTA platform integration)
2025-10-27 11:56:33 [restartedMain] INFO  o.s.o.j.LocalContainerEntityManagerFactoryBean - Initialized JPA EntityManagerFactory for persistence unit 'default'
2025-10-27 11:56:34 [restartedMain] WARN  o.s.b.w.s.c.AnnotationConfigServletWebServerApplicationContext - Exception encountered during context initialization - cancelling refresh attempt: org.springframework.beans.factory.UnsatisfiedDependencyException: Error creating bean with name 'vehicleController' defined in file [D:\ITS\Truck\target\classes\com\transport\controller\VehicleController.class]: Unsatisfied dependency expressed through constructor parameter 0: Error creating bean with name 'vehicleServiceImpl' defined in file [D:\ITS\Truck\target\classes\com\transport\service\vehicle\VehicleServiceImpl.class]: Unsatisfied dependency expressed through constructor parameter 2: No qualifying bean of type 'com.transport.mapper.VehicleMapper' available: expected at least 1 bean which qualifies as autowire candidate. Dependency annotations: {}
2025-10-27 11:56:34 [restartedMain] INFO  o.s.o.j.LocalContainerEntityManagerFactoryBean - Closing JPA EntityManagerFactory for persistence unit 'default'
2025-10-27 11:56:34 [restartedMain] INFO  com.zaxxer.hikari.HikariDataSource - HikariPool-2 - Shutdown initiated...
2025-10-27 11:56:34 [restartedMain] INFO  com.zaxxer.hikari.HikariDataSource - HikariPool-2 - Shutdown completed.
2025-10-27 11:56:34 [restartedMain] INFO  o.a.catalina.core.StandardService - Stopping service [Tomcat]
2025-10-27 11:56:34 [restartedMain] INFO  o.s.b.a.l.ConditionEvaluationReportLogger - 

Error starting ApplicationContext. To display the condition evaluation report re-run your application with 'debug' enabled.
2025-10-27 11:56:34 [restartedMain] ERROR o.s.b.d.LoggingFailureAnalysisReporter - 

***************************
APPLICATION FAILED TO START
***************************

Description:

Parameter 2 of constructor in com.transport.service.vehicle.VehicleServiceImpl required a bean of type 'com.transport.mapper.VehicleMapper' that could not be found.


Action:

Consider defining a bean of type 'com.transport.mapper.VehicleMapper' in your configuration.

2025-10-27 11:56:42 [restartedMain] INFO  com.transport.VanchuyenApplication - Starting VanchuyenApplication using Java 21.0.7 with PID 17788 (D:\ITS\Truck\target\classes started by LENOVO in D:\ITS\Truck)
2025-10-27 11:56:42 [restartedMain] INFO  com.transport.VanchuyenApplication - No active profile set, falling back to 1 default profile: "default"
2025-10-27 11:56:43 [restartedMain] INFO  o.s.d.r.c.RepositoryConfigurationDelegate - Bootstrapping Spring Data JPA repositories in DEFAULT mode.
2025-10-27 11:56:43 [restartedMain] INFO  o.s.d.r.c.RepositoryConfigurationDelegate - Finished Spring Data repository scanning in 85 ms. Found 3 JPA repository interfaces.
2025-10-27 11:56:43 [restartedMain] INFO  o.s.b.w.e.tomcat.TomcatWebServer - Tomcat initialized with port 8080 (http)
2025-10-27 11:56:43 [restartedMain] INFO  o.a.coyote.http11.Http11NioProtocol - Initializing ProtocolHandler ["http-nio-8080"]
2025-10-27 11:56:43 [restartedMain] INFO  o.a.catalina.core.StandardService - Starting service [Tomcat]
2025-10-27 11:56:43 [restartedMain] INFO  o.a.catalina.core.StandardEngine - Starting Servlet engine: [Apache Tomcat/10.1.46]
2025-10-27 11:56:44 [restartedMain] INFO  o.a.c.c.C.[Tomcat-1].[localhost].[/] - Initializing Spring embedded WebApplicationContext
2025-10-27 11:56:44 [restartedMain] INFO  o.s.b.w.s.c.ServletWebServerApplicationContext - Root WebApplicationContext: initialization completed in 1360 ms
2025-10-27 11:56:44 [restartedMain] INFO  o.h.jpa.internal.util.LogHelper - HHH000204: Processing PersistenceUnitInfo [name: default]
2025-10-27 11:56:44 [restartedMain] INFO  o.h.c.i.RegionFactoryInitiator - HHH000026: Second-level cache disabled
2025-10-27 11:56:44 [restartedMain] INFO  o.s.o.j.p.SpringPersistenceUnitInfo - No LoadTimeWeaver setup: ignoring JPA class transformer
2025-10-27 11:56:44 [restartedMain] INFO  com.zaxxer.hikari.HikariDataSource - HikariPool-3 - Starting...
2025-10-27 11:56:44 [restartedMain] INFO  com.zaxxer.hikari.pool.HikariPool - HikariPool-3 - Added connection com.mysql.cj.jdbc.ConnectionImpl@66ef8c14
2025-10-27 11:56:44 [restartedMain] INFO  com.zaxxer.hikari.HikariDataSource - HikariPool-3 - Start completed.
2025-10-27 11:56:44 [restartedMain] WARN  org.hibernate.orm.deprecation - HHH90000025: MySQLDialect does not need to be specified explicitly using 'hibernate.dialect' (remove the property setting and it will be selected by default)
2025-10-27 11:56:44 [restartedMain] INFO  o.hibernate.orm.connections.pooling - HHH10001005: Database info:
	Database JDBC URL [Connecting through datasource 'HikariDataSource (HikariPool-3)']
	Database driver: undefined/unknown
	Database version: 8.0.30
	Autocommit mode: undefined/unknown
	Isolation level: undefined/unknown
	Minimum pool size: undefined/unknown
	Maximum pool size: undefined/unknown
2025-10-27 11:56:46 [restartedMain] INFO  o.h.e.t.j.p.i.JtaPlatformInitiator - HHH000489: No JTA platform available (set 'hibernate.transaction.jta.platform' to enable JTA platform integration)
2025-10-27 11:56:46 [restartedMain] INFO  o.s.o.j.LocalContainerEntityManagerFactoryBean - Initialized JPA EntityManagerFactory for persistence unit 'default'
2025-10-27 11:56:46 [restartedMain] WARN  o.s.b.w.s.c.AnnotationConfigServletWebServerApplicationContext - Exception encountered during context initialization - cancelling refresh attempt: org.springframework.beans.factory.UnsatisfiedDependencyException: Error creating bean with name 'vehicleController' defined in file [D:\ITS\Truck\target\classes\com\transport\controller\VehicleController.class]: Unsatisfied dependency expressed through constructor parameter 0: No qualifying bean of type 'com.transport.service.vehicle.VehicleService' available: expected at least 1 bean which qualifies as autowire candidate. Dependency annotations: {}
2025-10-27 11:56:46 [restartedMain] INFO  o.s.o.j.LocalContainerEntityManagerFactoryBean - Closing JPA EntityManagerFactory for persistence unit 'default'
2025-10-27 11:56:46 [restartedMain] INFO  com.zaxxer.hikari.HikariDataSource - HikariPool-3 - Shutdown initiated...
2025-10-27 11:56:46 [restartedMain] INFO  com.zaxxer.hikari.HikariDataSource - HikariPool-3 - Shutdown completed.
2025-10-27 11:56:46 [restartedMain] INFO  o.a.catalina.core.StandardService - Stopping service [Tomcat]
2025-10-27 11:56:46 [restartedMain] INFO  o.s.b.a.l.ConditionEvaluationReportLogger - 

Error starting ApplicationContext. To display the condition evaluation report re-run your application with 'debug' enabled.
2025-10-27 11:56:46 [restartedMain] ERROR o.s.b.d.LoggingFailureAnalysisReporter - 

***************************
APPLICATION FAILED TO START
***************************

Description:

Parameter 0 of constructor in com.transport.controller.VehicleController required a bean of type 'com.transport.service.vehicle.VehicleService' that could not be found.


Action:

Consider defining a bean of type 'com.transport.service.vehicle.VehicleService' in your configuration.

2025-10-27 11:56:49 [restartedMain] INFO  com.transport.VanchuyenApplication - Starting VanchuyenApplication using Java 21.0.7 with PID 17788 (D:\ITS\Truck\target\classes started by LENOVO in D:\ITS\Truck)
2025-10-27 11:56:49 [restartedMain] INFO  com.transport.VanchuyenApplication - No active profile set, falling back to 1 default profile: "default"
2025-10-27 11:56:50 [restartedMain] INFO  o.s.d.r.c.RepositoryConfigurationDelegate - Bootstrapping Spring Data JPA repositories in DEFAULT mode.
2025-10-27 11:56:50 [restartedMain] INFO  o.s.d.r.c.RepositoryConfigurationDelegate - Finished Spring Data repository scanning in 112 ms. Found 3 JPA repository interfaces.
2025-10-27 11:56:50 [restartedMain] INFO  o.s.b.w.e.tomcat.TomcatWebServer - Tomcat initialized with port 8080 (http)
2025-10-27 11:56:50 [restartedMain] INFO  o.a.coyote.http11.Http11NioProtocol - Initializing ProtocolHandler ["http-nio-8080"]
2025-10-27 11:56:50 [restartedMain] INFO  o.a.catalina.core.StandardService - Starting service [Tomcat]
2025-10-27 11:56:50 [restartedMain] INFO  o.a.catalina.core.StandardEngine - Starting Servlet engine: [Apache Tomcat/10.1.46]
2025-10-27 11:56:50 [restartedMain] INFO  o.a.c.c.C.[Tomcat-2].[localhost].[/] - Initializing Spring embedded WebApplicationContext
2025-10-27 11:56:50 [restartedMain] INFO  o.s.b.w.s.c.ServletWebServerApplicationContext - Root WebApplicationContext: initialization completed in 1611 ms
2025-10-27 11:56:50 [restartedMain] INFO  o.h.jpa.internal.util.LogHelper - HHH000204: Processing PersistenceUnitInfo [name: default]
2025-10-27 11:56:50 [restartedMain] INFO  o.h.c.i.RegionFactoryInitiator - HHH000026: Second-level cache disabled
2025-10-27 11:56:50 [restartedMain] INFO  o.s.o.j.p.SpringPersistenceUnitInfo - No LoadTimeWeaver setup: ignoring JPA class transformer
2025-10-27 11:56:50 [restartedMain] INFO  com.zaxxer.hikari.HikariDataSource - HikariPool-4 - Starting...
2025-10-27 11:56:51 [restartedMain] INFO  com.zaxxer.hikari.pool.HikariPool - HikariPool-4 - Added connection com.mysql.cj.jdbc.ConnectionImpl@27482acc
2025-10-27 11:56:51 [restartedMain] INFO  com.zaxxer.hikari.HikariDataSource - HikariPool-4 - Start completed.
2025-10-27 11:56:51 [restartedMain] WARN  org.hibernate.orm.deprecation - HHH90000025: MySQLDialect does not need to be specified explicitly using 'hibernate.dialect' (remove the property setting and it will be selected by default)
2025-10-27 11:56:51 [restartedMain] INFO  o.hibernate.orm.connections.pooling - HHH10001005: Database info:
	Database JDBC URL [Connecting through datasource 'HikariDataSource (HikariPool-4)']
	Database driver: undefined/unknown
	Database version: 8.0.30
	Autocommit mode: undefined/unknown
	Isolation level: undefined/unknown
	Minimum pool size: undefined/unknown
	Maximum pool size: undefined/unknown
2025-10-27 11:56:52 [restartedMain] INFO  o.h.e.t.j.p.i.JtaPlatformInitiator - HHH000489: No JTA platform available (set 'hibernate.transaction.jta.platform' to enable JTA platform integration)
2025-10-27 11:56:52 [restartedMain] INFO  o.s.o.j.LocalContainerEntityManagerFactoryBean - Initialized JPA EntityManagerFactory for persistence unit 'default'
2025-10-27 11:56:53 [restartedMain] WARN  o.s.b.a.o.j.JpaBaseConfiguration$JpaWebConfiguration - spring.jpa.open-in-view is enabled by default. Therefore, database queries may be performed during view rendering. Explicitly configure spring.jpa.open-in-view to disable this warning
2025-10-27 11:56:54 [restartedMain] INFO  o.s.b.d.a.OptionalLiveReloadServer - LiveReload server is running on port 35729
2025-10-27 11:56:54 [restartedMain] INFO  o.a.coyote.http11.Http11NioProtocol - Starting ProtocolHandler ["http-nio-8080"]
2025-10-27 11:56:54 [restartedMain] INFO  o.s.b.w.e.tomcat.TomcatWebServer - Tomcat started on port 8080 (http) with context path '/'
2025-10-27 11:56:54 [restartedMain] INFO  com.transport.VanchuyenApplication - Started VanchuyenApplication in 5.293 seconds (process running for 77.84)
2025-10-27 11:56:54 [restartedMain] INFO  o.s.b.d.a.ConditionEvaluationDeltaLoggingListener - Condition evaluation unchanged
2025-10-27 11:57:00 [background-preinit] INFO  o.h.validator.internal.util.Version - HV000001: Hibernate Validator 8.0.3.Final
2025-10-27 11:57:01 [restartedMain] INFO  com.transport.VanchuyenApplication - Starting VanchuyenApplication using Java 21.0.7 with PID 2336 (D:\ITS\Truck\target\classes started by LENOVO in D:\ITS\Truck)
2025-10-27 11:57:01 [restartedMain] INFO  com.transport.VanchuyenApplication - No active profile set, falling back to 1 default profile: "default"
2025-10-27 11:57:01 [restartedMain] INFO  o.s.b.d.e.DevToolsPropertyDefaultsPostProcessor - Devtools property defaults active! Set 'spring.devtools.add-properties' to 'false' to disable
2025-10-27 11:57:01 [restartedMain] INFO  o.s.b.d.e.DevToolsPropertyDefaultsPostProcessor - For additional web related logging consider setting the 'logging.level.web' property to 'DEBUG'
2025-10-27 11:57:05 [restartedMain] INFO  o.s.d.r.c.RepositoryConfigurationDelegate - Bootstrapping Spring Data JPA repositories in DEFAULT mode.
2025-10-27 11:57:05 [restartedMain] INFO  o.s.d.r.c.RepositoryConfigurationDelegate - Finished Spring Data repository scanning in 293 ms. Found 3 JPA repository interfaces.
2025-10-27 11:57:07 [restartedMain] INFO  o.s.b.w.e.tomcat.TomcatWebServer - Tomcat initialized with port 8080 (http)
2025-10-27 11:57:07 [restartedMain] INFO  o.a.coyote.http11.Http11NioProtocol - Initializing ProtocolHandler ["http-nio-8080"]
2025-10-27 11:57:07 [restartedMain] INFO  o.a.catalina.core.StandardService - Starting service [Tomcat]
2025-10-27 11:57:07 [restartedMain] INFO  o.a.catalina.core.StandardEngine - Starting Servlet engine: [Apache Tomcat/10.1.46]
2025-10-27 11:57:08 [restartedMain] INFO  o.a.c.c.C.[Tomcat].[localhost].[/] - Initializing Spring embedded WebApplicationContext
2025-10-27 11:57:08 [restartedMain] INFO  o.s.b.w.s.c.ServletWebServerApplicationContext - Root WebApplicationContext: initialization completed in 6581 ms
2025-10-27 11:57:08 [restartedMain] INFO  o.h.jpa.internal.util.LogHelper - HHH000204: Processing PersistenceUnitInfo [name: default]
2025-10-27 11:57:08 [restartedMain] INFO  org.hibernate.Version - HHH000412: Hibernate ORM core version 6.6.29.Final
2025-10-27 11:57:08 [restartedMain] INFO  o.h.c.i.RegionFactoryInitiator - HHH000026: Second-level cache disabled
2025-10-27 11:57:09 [restartedMain] INFO  o.s.o.j.p.SpringPersistenceUnitInfo - No LoadTimeWeaver setup: ignoring JPA class transformer
2025-10-27 11:57:09 [restartedMain] INFO  com.zaxxer.hikari.HikariDataSource - HikariPool-1 - Starting...
2025-10-27 11:57:11 [restartedMain] INFO  com.zaxxer.hikari.pool.HikariPool - HikariPool-1 - Added connection com.mysql.cj.jdbc.ConnectionImpl@ecbcd1c
2025-10-27 11:57:11 [restartedMain] INFO  com.zaxxer.hikari.HikariDataSource - HikariPool-1 - Start completed.
2025-10-27 11:57:11 [restartedMain] WARN  org.hibernate.orm.deprecation - HHH90000025: MySQLDialect does not need to be specified explicitly using 'hibernate.dialect' (remove the property setting and it will be selected by default)
2025-10-27 11:57:11 [restartedMain] INFO  o.hibernate.orm.connections.pooling - HHH10001005: Database info:
	Database JDBC URL [Connecting through datasource 'HikariDataSource (HikariPool-1)']
	Database driver: undefined/unknown
	Database version: 8.0.30
	Autocommit mode: undefined/unknown
	Isolation level: undefined/unknown
	Minimum pool size: undefined/unknown
	Maximum pool size: undefined/unknown
2025-10-27 11:57:15 [restartedMain] INFO  o.h.e.t.j.p.i.JtaPlatformInitiator - HHH000489: No JTA platform available (set 'hibernate.transaction.jta.platform' to enable JTA platform integration)
2025-10-27 11:57:15 [restartedMain] INFO  o.s.o.j.LocalContainerEntityManagerFactoryBean - Initialized JPA EntityManagerFactory for persistence unit 'default'
2025-10-27 11:57:18 [restartedMain] WARN  o.s.b.a.o.j.JpaBaseConfiguration$JpaWebConfiguration - spring.jpa.open-in-view is enabled by default. Therefore, database queries may be performed during view rendering. Explicitly configure spring.jpa.open-in-view to disable this warning
2025-10-27 11:57:19 [restartedMain] INFO  o.s.b.d.a.OptionalLiveReloadServer - LiveReload server is running on port 35729
2025-10-27 11:57:20 [restartedMain] INFO  o.a.coyote.http11.Http11NioProtocol - Starting ProtocolHandler ["http-nio-8080"]
2025-10-27 11:57:20 [restartedMain] INFO  o.s.b.w.e.tomcat.TomcatWebServer - Tomcat started on port 8080 (http) with context path '/'
2025-10-27 11:57:20 [restartedMain] INFO  com.transport.VanchuyenApplication - Started VanchuyenApplication in 20.012 seconds (process running for 21.052)
2025-10-27 11:57:31 [http-nio-8080-exec-2] INFO  o.a.c.c.C.[Tomcat].[localhost].[/] - Initializing Spring DispatcherServlet 'dispatcherServlet'
2025-10-27 11:57:31 [http-nio-8080-exec-2] INFO  o.s.web.servlet.DispatcherServlet - Initializing Servlet 'dispatcherServlet'
2025-10-27 11:57:31 [http-nio-8080-exec-2] INFO  o.s.web.servlet.DispatcherServlet - Completed initialization in 1 ms
2025-10-27 11:57:31 [http-nio-8080-exec-2] WARN  o.s.w.s.m.s.DefaultHandlerExceptionResolver - Resolved [org.springframework.web.HttpRequestMethodNotSupportedException: Request method 'POST' is not supported]
2025-10-27 11:57:36 [http-nio-8080-exec-1] WARN  o.s.w.s.m.m.a.ExceptionHandlerExceptionResolver - Resolved [org.springframework.web.bind.MethodArgumentNotValidException: Validation failed for argument [1] in public com.transport.dto.ApiResponse<com.transport.dto.vehicle.VehicleResponse> com.transport.controller.VehicleController.update(java.lang.Long,com.transport.dto.vehicle.VehicleRequest): [Field error in object 'vehicleRequest' on field 'status': rejected value [null]; codes [NotNull.vehicleRequest.status,NotNull.status,NotNull.com.transport.enums.VehicleStatus,NotNull]; arguments [org.springframework.context.support.DefaultMessageSourceResolvable: codes [vehicleRequest.status,status]; arguments []; default message [status]]; default message [VEHICLE_STATUS_EMPTY]] ]
2025-10-27 11:58:16 [File Watcher] INFO  o.s.b.d.a.LocalDevToolsAutoConfiguration$RestartingClassPathChangeChangedEventListener - Restarting due to 1 class path change (1 addition, 0 deletions, 0 modifications)
2025-10-27 11:58:16 [Thread-5] INFO  o.s.b.w.e.tomcat.GracefulShutdown - Commencing graceful shutdown. Waiting for active requests to complete
2025-10-27 11:58:16 [tomcat-shutdown] INFO  o.a.coyote.http11.Http11NioProtocol - Pausing ProtocolHandler ["http-nio-8080"]
2025-10-27 11:58:16 [tomcat-shutdown] INFO  o.s.b.w.e.tomcat.GracefulShutdown - Graceful shutdown complete
2025-10-27 11:58:16 [Thread-5] INFO  o.a.coyote.http11.Http11NioProtocol - Stopping ProtocolHandler ["http-nio-8080"]
2025-10-27 11:58:16 [Thread-5] INFO  o.s.o.j.LocalContainerEntityManagerFactoryBean - Closing JPA EntityManagerFactory for persistence unit 'default'
2025-10-27 11:58:16 [Thread-5] INFO  com.zaxxer.hikari.HikariDataSource - HikariPool-1 - Shutdown initiated...
2025-10-27 11:58:16 [Thread-5] INFO  com.zaxxer.hikari.HikariDataSource - HikariPool-1 - Shutdown completed.
2025-10-27 11:58:17 [restartedMain] INFO  com.transport.VanchuyenApplication - Starting VanchuyenApplication using Java 21.0.7 with PID 2336 (D:\ITS\Truck\target\classes started by LENOVO in D:\ITS\Truck)
2025-10-27 11:58:17 [restartedMain] INFO  com.transport.VanchuyenApplication - No active profile set, falling back to 1 default profile: "default"
2025-10-27 11:58:19 [restartedMain] INFO  o.s.d.r.c.RepositoryConfigurationDelegate - Bootstrapping Spring Data JPA repositories in DEFAULT mode.
2025-10-27 11:58:19 [restartedMain] INFO  o.s.d.r.c.RepositoryConfigurationDelegate - Finished Spring Data repository scanning in 128 ms. Found 3 JPA repository interfaces.
2025-10-27 11:58:19 [restartedMain] INFO  o.s.b.w.e.tomcat.TomcatWebServer - Tomcat initialized with port 8080 (http)
2025-10-27 11:58:19 [restartedMain] INFO  o.a.coyote.http11.Http11NioProtocol - Initializing ProtocolHandler ["http-nio-8080"]
2025-10-27 11:58:19 [restartedMain] INFO  o.a.catalina.core.StandardService - Starting service [Tomcat]
2025-10-27 11:58:19 [restartedMain] INFO  o.a.catalina.core.StandardEngine - Starting Servlet engine: [Apache Tomcat/10.1.46]
2025-10-27 11:58:20 [restartedMain] INFO  o.a.c.c.C.[Tomcat].[localhost].[/] - Initializing Spring embedded WebApplicationContext
2025-10-27 11:58:20 [restartedMain] INFO  o.s.b.w.s.c.ServletWebServerApplicationContext - Root WebApplicationContext: initialization completed in 3117 ms
2025-10-27 11:58:20 [restartedMain] INFO  o.h.jpa.internal.util.LogHelper - HHH000204: Processing PersistenceUnitInfo [name: default]
2025-10-27 11:58:20 [restartedMain] INFO  o.h.c.i.RegionFactoryInitiator - HHH000026: Second-level cache disabled
2025-10-27 11:58:20 [restartedMain] INFO  o.s.o.j.p.SpringPersistenceUnitInfo - No LoadTimeWeaver setup: ignoring JPA class transformer
2025-10-27 11:58:20 [restartedMain] INFO  com.zaxxer.hikari.HikariDataSource - HikariPool-2 - Starting...
2025-10-27 11:58:21 [restartedMain] INFO  com.zaxxer.hikari.pool.HikariPool - HikariPool-2 - Added connection com.mysql.cj.jdbc.ConnectionImpl@1b1b10a4
2025-10-27 11:58:21 [restartedMain] INFO  com.zaxxer.hikari.HikariDataSource - HikariPool-2 - Start completed.
2025-10-27 11:58:21 [restartedMain] WARN  org.hibernate.orm.deprecation - HHH90000025: MySQLDialect does not need to be specified explicitly using 'hibernate.dialect' (remove the property setting and it will be selected by default)
2025-10-27 11:58:21 [restartedMain] INFO  o.hibernate.orm.connections.pooling - HHH10001005: Database info:
	Database JDBC URL [Connecting through datasource 'HikariDataSource (HikariPool-2)']
	Database driver: undefined/unknown
	Database version: 8.0.30
	Autocommit mode: undefined/unknown
	Isolation level: undefined/unknown
	Minimum pool size: undefined/unknown
	Maximum pool size: undefined/unknown
2025-10-27 12:00:44 [background-preinit] INFO  o.h.validator.internal.util.Version - HV000001: Hibernate Validator 8.0.3.Final
2025-10-27 12:00:44 [restartedMain] INFO  com.transport.VanchuyenApplication - Starting VanchuyenApplication using Java 21.0.7 with PID 12596 (D:\ITS\Truck\target\classes started by LENOVO in D:\ITS\Truck)
2025-10-27 12:00:44 [restartedMain] INFO  com.transport.VanchuyenApplication - No active profile set, falling back to 1 default profile: "default"
2025-10-27 12:00:44 [restartedMain] INFO  o.s.b.d.e.DevToolsPropertyDefaultsPostProcessor - Devtools property defaults active! Set 'spring.devtools.add-properties' to 'false' to disable
2025-10-27 12:00:44 [restartedMain] INFO  o.s.b.d.e.DevToolsPropertyDefaultsPostProcessor - For additional web related logging consider setting the 'logging.level.web' property to 'DEBUG'
2025-10-27 12:00:47 [restartedMain] INFO  o.s.d.r.c.RepositoryConfigurationDelegate - Bootstrapping Spring Data JPA repositories in DEFAULT mode.
2025-10-27 12:00:47 [restartedMain] INFO  o.s.d.r.c.RepositoryConfigurationDelegate - Finished Spring Data repository scanning in 192 ms. Found 3 JPA repository interfaces.
2025-10-27 12:00:49 [restartedMain] INFO  o.s.b.w.e.tomcat.TomcatWebServer - Tomcat initialized with port 8080 (http)
2025-10-27 12:00:49 [restartedMain] INFO  o.a.coyote.http11.Http11NioProtocol - Initializing ProtocolHandler ["http-nio-8080"]
2025-10-27 12:00:49 [restartedMain] INFO  o.a.catalina.core.StandardService - Starting service [Tomcat]
2025-10-27 12:00:49 [restartedMain] INFO  o.a.catalina.core.StandardEngine - Starting Servlet engine: [Apache Tomcat/10.1.46]
2025-10-27 12:00:50 [restartedMain] INFO  o.a.c.c.C.[Tomcat].[localhost].[/] - Initializing Spring embedded WebApplicationContext
2025-10-27 12:00:50 [restartedMain] INFO  o.s.b.w.s.c.ServletWebServerApplicationContext - Root WebApplicationContext: initialization completed in 5790 ms
2025-10-27 12:00:50 [restartedMain] INFO  o.h.jpa.internal.util.LogHelper - HHH000204: Processing PersistenceUnitInfo [name: default]
2025-10-27 12:00:51 [restartedMain] INFO  org.hibernate.Version - HHH000412: Hibernate ORM core version 6.6.29.Final
2025-10-27 12:00:51 [restartedMain] INFO  o.h.c.i.RegionFactoryInitiator - HHH000026: Second-level cache disabled
2025-10-27 12:00:52 [restartedMain] INFO  o.s.o.j.p.SpringPersistenceUnitInfo - No LoadTimeWeaver setup: ignoring JPA class transformer
2025-10-27 12:00:52 [restartedMain] INFO  com.zaxxer.hikari.HikariDataSource - HikariPool-1 - Starting...
2025-10-27 12:00:53 [restartedMain] INFO  com.zaxxer.hikari.pool.HikariPool - HikariPool-1 - Added connection com.mysql.cj.jdbc.ConnectionImpl@312d7be7
2025-10-27 12:00:53 [restartedMain] INFO  com.zaxxer.hikari.HikariDataSource - HikariPool-1 - Start completed.
2025-10-27 12:00:53 [restartedMain] WARN  org.hibernate.orm.deprecation - HHH90000025: MySQLDialect does not need to be specified explicitly using 'hibernate.dialect' (remove the property setting and it will be selected by default)
2025-10-27 12:00:53 [restartedMain] INFO  o.hibernate.orm.connections.pooling - HHH10001005: Database info:
	Database JDBC URL [Connecting through datasource 'HikariDataSource (HikariPool-1)']
	Database driver: undefined/unknown
	Database version: 8.0.30
	Autocommit mode: undefined/unknown
	Isolation level: undefined/unknown
	Minimum pool size: undefined/unknown
	Maximum pool size: undefined/unknown
2025-10-27 12:00:58 [restartedMain] INFO  o.h.e.t.j.p.i.JtaPlatformInitiator - HHH000489: No JTA platform available (set 'hibernate.transaction.jta.platform' to enable JTA platform integration)
2025-10-27 12:00:59 [restartedMain] INFO  o.s.o.j.LocalContainerEntityManagerFactoryBean - Initialized JPA EntityManagerFactory for persistence unit 'default'
2025-10-27 12:01:01 [restartedMain] WARN  o.s.b.a.o.j.JpaBaseConfiguration$JpaWebConfiguration - spring.jpa.open-in-view is enabled by default. Therefore, database queries may be performed during view rendering. Explicitly configure spring.jpa.open-in-view to disable this warning
2025-10-27 12:01:02 [restartedMain] INFO  o.s.b.d.a.OptionalLiveReloadServer - LiveReload server is running on port 35729
2025-10-27 12:01:02 [restartedMain] INFO  o.a.coyote.http11.Http11NioProtocol - Starting ProtocolHandler ["http-nio-8080"]
2025-10-27 12:01:02 [restartedMain] INFO  o.s.b.w.e.tomcat.TomcatWebServer - Tomcat started on port 8080 (http) with context path '/'
2025-10-27 12:01:02 [restartedMain] INFO  com.transport.VanchuyenApplication - Started VanchuyenApplication in 20.012 seconds (process running for 22.217)
2025-10-27 12:01:06 [http-nio-8080-exec-2] INFO  o.a.c.c.C.[Tomcat].[localhost].[/] - Initializing Spring DispatcherServlet 'dispatcherServlet'
2025-10-27 12:01:06 [http-nio-8080-exec-2] INFO  o.s.web.servlet.DispatcherServlet - Initializing Servlet 'dispatcherServlet'
2025-10-27 12:01:06 [http-nio-8080-exec-2] INFO  o.s.web.servlet.DispatcherServlet - Completed initialization in 3 ms
2025-10-27 12:01:07 [http-nio-8080-exec-2] DEBUG org.hibernate.SQL - select v1_0.id,v1_0.brand,v1_0.color,v1_0.created_at,v1_0.engine_number,v1_0.inspection_expiry_date,v1_0.insurance_expiry_date,v1_0.license_plate,v1_0.manufacture_year,v1_0.model,v1_0.note,v1_0.purchase_date,v1_0.registration_date,v1_0.status,v1_0.updated_at,v1_0.vehicle_type_id,v1_0.vin from vehicles v1_0 where v1_0.id=?
2025-10-27 12:01:07 [http-nio-8080-exec-2] DEBUG org.hibernate.SQL - select v1_0.id from vehicles v1_0 where v1_0.license_plate=? and v1_0.id<>? limit ?
2025-10-27 12:01:07 [http-nio-8080-exec-2] WARN  o.s.w.s.m.m.a.ExceptionHandlerExceptionResolver - Resolved [com.transport.exception.AppException: Biển số xe đã tồn tại]
2025-10-27 12:01:13 [http-nio-8080-exec-4] DEBUG org.hibernate.SQL - select v1_0.id,v1_0.brand,v1_0.color,v1_0.created_at,v1_0.engine_number,v1_0.inspection_expiry_date,v1_0.insurance_expiry_date,v1_0.license_plate,v1_0.manufacture_year,v1_0.model,v1_0.note,v1_0.purchase_date,v1_0.registration_date,v1_0.status,v1_0.updated_at,v1_0.vehicle_type_id,v1_0.vin from vehicles v1_0 where v1_0.id=?
2025-10-27 12:01:13 [http-nio-8080-exec-4] DEBUG org.hibernate.SQL - select v1_0.id from vehicles v1_0 where v1_0.license_plate=? and v1_0.id<>? limit ?
2025-10-27 12:01:13 [http-nio-8080-exec-4] DEBUG org.hibernate.SQL - select v1_0.id from vehicles v1_0 where v1_0.vin is null and v1_0.id<>? limit ?
2025-10-27 12:01:13 [http-nio-8080-exec-4] DEBUG org.hibernate.SQL - select vt1_0.id,vt1_0.code,vt1_0.description,vt1_0.is_active,vt1_0.max_payload,vt1_0.name from vehicle_types vt1_0 where vt1_0.id=?
2025-10-27 12:01:14 [http-nio-8080-exec-4] DEBUG org.hibernate.SQL - update vehicles set brand=?,color=?,engine_number=?,inspection_expiry_date=?,insurance_expiry_date=?,license_plate=?,manufacture_year=?,model=?,note=?,purchase_date=?,registration_date=?,status=?,updated_at=?,vehicle_type_id=?,vin=? where id=?
2025-10-27 12:01:18 [http-nio-8080-exec-5] DEBUG org.hibernate.SQL - select v1_0.id,v1_0.brand,v1_0.color,v1_0.created_at,v1_0.engine_number,v1_0.inspection_expiry_date,v1_0.insurance_expiry_date,v1_0.license_plate,v1_0.manufacture_year,v1_0.model,v1_0.note,v1_0.purchase_date,v1_0.registration_date,v1_0.status,v1_0.updated_at,v1_0.vehicle_type_id,v1_0.vin from vehicles v1_0 where v1_0.id=?
2025-10-27 12:01:18 [http-nio-8080-exec-5] DEBUG org.hibernate.SQL - select v1_0.id from vehicles v1_0 where v1_0.license_plate=? and v1_0.id<>? limit ?
2025-10-27 12:01:18 [http-nio-8080-exec-5] DEBUG org.hibernate.SQL - select v1_0.id from vehicles v1_0 where v1_0.vin is null and v1_0.id<>? limit ?
2025-10-27 12:01:18 [http-nio-8080-exec-5] DEBUG org.hibernate.SQL - select vt1_0.id,vt1_0.code,vt1_0.description,vt1_0.is_active,vt1_0.max_payload,vt1_0.name from vehicle_types vt1_0 where vt1_0.id=?
2025-10-27 21:46:26 [background-preinit] INFO  o.h.validator.internal.util.Version - HV000001: Hibernate Validator 8.0.3.Final
2025-10-27 21:46:27 [restartedMain] INFO  com.transport.VanchuyenApplication - Starting VanchuyenApplication using Java 21.0.7 with PID 18816 (D:\ITS\Truck\target\classes started by LENOVO in D:\ITS\Truck)
2025-10-27 21:46:27 [restartedMain] INFO  com.transport.VanchuyenApplication - No active profile set, falling back to 1 default profile: "default"
2025-10-27 21:46:27 [restartedMain] INFO  o.s.b.d.e.DevToolsPropertyDefaultsPostProcessor - Devtools property defaults active! Set 'spring.devtools.add-properties' to 'false' to disable
2025-10-27 21:46:27 [restartedMain] INFO  o.s.b.d.e.DevToolsPropertyDefaultsPostProcessor - For additional web related logging consider setting the 'logging.level.web' property to 'DEBUG'
2025-10-27 21:46:30 [restartedMain] INFO  o.s.d.r.c.RepositoryConfigurationDelegate - Bootstrapping Spring Data JPA repositories in DEFAULT mode.
2025-10-27 21:46:30 [restartedMain] INFO  o.s.d.r.c.RepositoryConfigurationDelegate - Finished Spring Data repository scanning in 211 ms. Found 3 JPA repository interfaces.
2025-10-27 21:46:33 [restartedMain] INFO  o.s.b.w.e.tomcat.TomcatWebServer - Tomcat initialized with port 8080 (http)
2025-10-27 21:46:33 [restartedMain] INFO  o.a.coyote.http11.Http11NioProtocol - Initializing ProtocolHandler ["http-nio-8080"]
2025-10-27 21:46:33 [restartedMain] INFO  o.a.catalina.core.StandardService - Starting service [Tomcat]
2025-10-27 21:46:33 [restartedMain] INFO  o.a.catalina.core.StandardEngine - Starting Servlet engine: [Apache Tomcat/10.1.46]
2025-10-27 21:46:33 [restartedMain] INFO  o.a.c.c.C.[Tomcat].[localhost].[/] - Initializing Spring embedded WebApplicationContext
2025-10-27 21:46:33 [restartedMain] INFO  o.s.b.w.s.c.ServletWebServerApplicationContext - Root WebApplicationContext: initialization completed in 6687 ms
2025-10-27 21:46:34 [restartedMain] INFO  o.h.jpa.internal.util.LogHelper - HHH000204: Processing PersistenceUnitInfo [name: default]
2025-10-27 21:46:34 [restartedMain] INFO  org.hibernate.Version - HHH000412: Hibernate ORM core version 6.6.29.Final
2025-10-27 21:46:35 [restartedMain] INFO  o.h.c.i.RegionFactoryInitiator - HHH000026: Second-level cache disabled
2025-10-27 21:46:36 [restartedMain] INFO  o.s.o.j.p.SpringPersistenceUnitInfo - No LoadTimeWeaver setup: ignoring JPA class transformer
2025-10-27 21:46:36 [restartedMain] INFO  com.zaxxer.hikari.HikariDataSource - HikariPool-1 - Starting...
2025-10-27 21:46:38 [restartedMain] INFO  com.zaxxer.hikari.pool.HikariPool - HikariPool-1 - Added connection com.mysql.cj.jdbc.ConnectionImpl@7cb4e2ec
2025-10-27 21:46:38 [restartedMain] INFO  com.zaxxer.hikari.HikariDataSource - HikariPool-1 - Start completed.
2025-10-27 21:46:38 [restartedMain] WARN  org.hibernate.orm.deprecation - HHH90000025: MySQLDialect does not need to be specified explicitly using 'hibernate.dialect' (remove the property setting and it will be selected by default)
2025-10-27 21:46:38 [restartedMain] INFO  o.hibernate.orm.connections.pooling - HHH10001005: Database info:
	Database JDBC URL [Connecting through datasource 'HikariDataSource (HikariPool-1)']
	Database driver: undefined/unknown
	Database version: 8.0.30
	Autocommit mode: undefined/unknown
	Isolation level: undefined/unknown
	Minimum pool size: undefined/unknown
	Maximum pool size: undefined/unknown
2025-10-27 21:46:44 [restartedMain] INFO  o.h.e.t.j.p.i.JtaPlatformInitiator - HHH000489: No JTA platform available (set 'hibernate.transaction.jta.platform' to enable JTA platform integration)
2025-10-27 21:46:45 [restartedMain] INFO  o.s.o.j.LocalContainerEntityManagerFactoryBean - Initialized JPA EntityManagerFactory for persistence unit 'default'
2025-10-27 21:46:48 [restartedMain] WARN  o.s.b.a.o.j.JpaBaseConfiguration$JpaWebConfiguration - spring.jpa.open-in-view is enabled by default. Therefore, database queries may be performed during view rendering. Explicitly configure spring.jpa.open-in-view to disable this warning
2025-10-27 21:46:51 [restartedMain] INFO  o.s.b.d.a.OptionalLiveReloadServer - LiveReload server is running on port 35729
2025-10-27 21:46:51 [restartedMain] INFO  o.a.coyote.http11.Http11NioProtocol - Starting ProtocolHandler ["http-nio-8080"]
2025-10-27 21:46:52 [restartedMain] INFO  o.s.b.w.e.tomcat.TomcatWebServer - Tomcat started on port 8080 (http) with context path '/'
2025-10-27 21:46:52 [restartedMain] INFO  com.transport.VanchuyenApplication - Started VanchuyenApplication in 26.615 seconds (process running for 29.0)
2025-10-27 21:48:14 [http-nio-8080-exec-9] INFO  o.a.c.c.C.[Tomcat].[localhost].[/] - Initializing Spring DispatcherServlet 'dispatcherServlet'
2025-10-27 21:48:14 [http-nio-8080-exec-9] INFO  o.s.web.servlet.DispatcherServlet - Initializing Servlet 'dispatcherServlet'
2025-10-27 21:48:14 [http-nio-8080-exec-9] INFO  o.s.web.servlet.DispatcherServlet - Completed initialization in 2 ms
2025-10-27 21:48:15 [http-nio-8080-exec-9] DEBUG org.hibernate.SQL - select v1_0.id,v1_0.brand,v1_0.color,v1_0.created_at,v1_0.engine_number,v1_0.inspection_expiry_date,v1_0.insurance_expiry_date,v1_0.license_plate,v1_0.manufacture_year,v1_0.model,v1_0.note,v1_0.purchase_date,v1_0.registration_date,v1_0.status,v1_0.updated_at,v1_0.vehicle_type_id,v1_0.vin from vehicles v1_0 where v1_0.id=?
2025-10-27 21:48:15 [http-nio-8080-exec-9] DEBUG org.hibernate.SQL - select vt1_0.id,vt1_0.code,vt1_0.description,vt1_0.is_active,vt1_0.max_payload,vt1_0.name from vehicle_types vt1_0 where vt1_0.id=?
2025-10-27 21:48:15 [http-nio-8080-exec-9] DEBUG org.hibernate.SQL - update vehicles set brand=?,color=?,engine_number=?,inspection_expiry_date=?,insurance_expiry_date=?,license_plate=?,manufacture_year=?,model=?,note=?,purchase_date=?,registration_date=?,status=?,updated_at=?,vehicle_type_id=?,vin=? where id=?
2025-10-27 21:48:24 [http-nio-8080-exec-7] DEBUG org.hibernate.SQL - select v1_0.id,v1_0.brand,v1_0.color,v1_0.created_at,v1_0.engine_number,v1_0.inspection_expiry_date,v1_0.insurance_expiry_date,v1_0.license_plate,v1_0.manufacture_year,v1_0.model,v1_0.note,v1_0.purchase_date,v1_0.registration_date,v1_0.status,v1_0.updated_at,v1_0.vehicle_type_id,v1_0.vin from vehicles v1_0 where v1_0.id=?
2025-10-27 21:48:24 [http-nio-8080-exec-7] DEBUG org.hibernate.SQL - select vt1_0.id,vt1_0.code,vt1_0.description,vt1_0.is_active,vt1_0.max_payload,vt1_0.name from vehicle_types vt1_0 where vt1_0.id=?
2025-10-27 21:48:24 [http-nio-8080-exec-7] DEBUG org.hibernate.SQL - update vehicles set brand=?,color=?,engine_number=?,inspection_expiry_date=?,insurance_expiry_date=?,license_plate=?,manufacture_year=?,model=?,note=?,purchase_date=?,registration_date=?,status=?,updated_at=?,vehicle_type_id=?,vin=? where id=?
2025-10-27 21:48:44 [http-nio-8080-exec-1] DEBUG org.hibernate.SQL - select v1_0.id,v1_0.brand,v1_0.color,v1_0.created_at,v1_0.engine_number,v1_0.inspection_expiry_date,v1_0.insurance_expiry_date,v1_0.license_plate,v1_0.manufacture_year,v1_0.model,v1_0.note,v1_0.purchase_date,v1_0.registration_date,v1_0.status,v1_0.updated_at,v1_0.vehicle_type_id,v1_0.vin from vehicles v1_0 where v1_0.id=?
2025-10-27 21:48:44 [http-nio-8080-exec-1] DEBUG org.hibernate.SQL - select vt1_0.id,vt1_0.code,vt1_0.description,vt1_0.is_active,vt1_0.max_payload,vt1_0.name from vehicle_types vt1_0 where vt1_0.id=?
2025-10-27 21:48:44 [http-nio-8080-exec-1] DEBUG org.hibernate.SQL - update vehicles set brand=?,color=?,engine_number=?,inspection_expiry_date=?,insurance_expiry_date=?,license_plate=?,manufacture_year=?,model=?,note=?,purchase_date=?,registration_date=?,status=?,updated_at=?,vehicle_type_id=?,vin=? where id=?
2025-10-27 21:48:54 [http-nio-8080-exec-6] DEBUG org.hibernate.SQL - select v1_0.id,v1_0.brand,v1_0.color,v1_0.created_at,v1_0.engine_number,v1_0.inspection_expiry_date,v1_0.insurance_expiry_date,v1_0.license_plate,v1_0.manufacture_year,v1_0.model,v1_0.note,v1_0.purchase_date,v1_0.registration_date,v1_0.status,v1_0.updated_at,v1_0.vehicle_type_id,v1_0.vin from vehicles v1_0 where v1_0.id=?
2025-10-27 21:48:54 [http-nio-8080-exec-6] DEBUG org.hibernate.SQL - select vt1_0.id,vt1_0.code,vt1_0.description,vt1_0.is_active,vt1_0.max_payload,vt1_0.name from vehicle_types vt1_0 where vt1_0.id=?
2025-10-27 21:48:54 [http-nio-8080-exec-6] DEBUG org.hibernate.SQL - update vehicles set brand=?,color=?,engine_number=?,inspection_expiry_date=?,insurance_expiry_date=?,license_plate=?,manufacture_year=?,model=?,note=?,purchase_date=?,registration_date=?,status=?,updated_at=?,vehicle_type_id=?,vin=? where id=?
2025-10-27 21:51:09 [background-preinit] INFO  o.h.validator.internal.util.Version - HV000001: Hibernate Validator 8.0.3.Final
2025-10-27 21:51:09 [restartedMain] INFO  com.transport.VanchuyenApplication - Starting VanchuyenApplication using Java 21.0.7 with PID 4788 (D:\ITS\Truck\target\classes started by LENOVO in D:\ITS\Truck)
2025-10-27 21:51:09 [restartedMain] INFO  com.transport.VanchuyenApplication - No active profile set, falling back to 1 default profile: "default"
2025-10-27 21:51:09 [restartedMain] INFO  o.s.b.d.e.DevToolsPropertyDefaultsPostProcessor - Devtools property defaults active! Set 'spring.devtools.add-properties' to 'false' to disable
2025-10-27 21:51:09 [restartedMain] INFO  o.s.b.d.e.DevToolsPropertyDefaultsPostProcessor - For additional web related logging consider setting the 'logging.level.web' property to 'DEBUG'
2025-10-27 21:51:13 [restartedMain] INFO  o.s.d.r.c.RepositoryConfigurationDelegate - Bootstrapping Spring Data JPA repositories in DEFAULT mode.
2025-10-27 21:51:13 [restartedMain] INFO  o.s.d.r.c.RepositoryConfigurationDelegate - Finished Spring Data repository scanning in 257 ms. Found 3 JPA repository interfaces.
2025-10-27 21:51:15 [restartedMain] INFO  o.s.b.w.e.tomcat.TomcatWebServer - Tomcat initialized with port 8080 (http)
2025-10-27 21:51:15 [restartedMain] INFO  o.a.coyote.http11.Http11NioProtocol - Initializing ProtocolHandler ["http-nio-8080"]
2025-10-27 21:51:15 [restartedMain] INFO  o.a.catalina.core.StandardService - Starting service [Tomcat]
2025-10-27 21:51:15 [restartedMain] INFO  o.a.catalina.core.StandardEngine - Starting Servlet engine: [Apache Tomcat/10.1.46]
2025-10-27 21:51:15 [restartedMain] INFO  o.a.c.c.C.[Tomcat].[localhost].[/] - Initializing Spring embedded WebApplicationContext
2025-10-27 21:51:15 [restartedMain] INFO  o.s.b.w.s.c.ServletWebServerApplicationContext - Root WebApplicationContext: initialization completed in 5699 ms
2025-10-27 21:51:16 [restartedMain] INFO  o.h.jpa.internal.util.LogHelper - HHH000204: Processing PersistenceUnitInfo [name: default]
2025-10-27 21:51:16 [restartedMain] INFO  org.hibernate.Version - HHH000412: Hibernate ORM core version 6.6.29.Final
2025-10-27 21:51:16 [restartedMain] INFO  o.h.c.i.RegionFactoryInitiator - HHH000026: Second-level cache disabled
2025-10-27 21:51:18 [restartedMain] INFO  o.s.o.j.p.SpringPersistenceUnitInfo - No LoadTimeWeaver setup: ignoring JPA class transformer
2025-10-27 21:51:18 [restartedMain] INFO  com.zaxxer.hikari.HikariDataSource - HikariPool-1 - Starting...
2025-10-27 21:51:19 [restartedMain] INFO  com.zaxxer.hikari.pool.HikariPool - HikariPool-1 - Added connection com.mysql.cj.jdbc.ConnectionImpl@74e4e621
2025-10-27 21:51:19 [restartedMain] INFO  com.zaxxer.hikari.HikariDataSource - HikariPool-1 - Start completed.
2025-10-27 21:51:19 [restartedMain] WARN  org.hibernate.orm.deprecation - HHH90000025: MySQLDialect does not need to be specified explicitly using 'hibernate.dialect' (remove the property setting and it will be selected by default)
2025-10-27 21:51:19 [restartedMain] INFO  o.hibernate.orm.connections.pooling - HHH10001005: Database info:
	Database JDBC URL [Connecting through datasource 'HikariDataSource (HikariPool-1)']
	Database driver: undefined/unknown
	Database version: 8.0.30
	Autocommit mode: undefined/unknown
	Isolation level: undefined/unknown
	Minimum pool size: undefined/unknown
	Maximum pool size: undefined/unknown
2025-10-27 21:51:24 [restartedMain] INFO  o.h.e.t.j.p.i.JtaPlatformInitiator - HHH000489: No JTA platform available (set 'hibernate.transaction.jta.platform' to enable JTA platform integration)
2025-10-27 21:51:24 [restartedMain] INFO  o.s.o.j.LocalContainerEntityManagerFactoryBean - Initialized JPA EntityManagerFactory for persistence unit 'default'
2025-10-27 21:51:26 [restartedMain] WARN  o.s.b.a.o.j.JpaBaseConfiguration$JpaWebConfiguration - spring.jpa.open-in-view is enabled by default. Therefore, database queries may be performed during view rendering. Explicitly configure spring.jpa.open-in-view to disable this warning
2025-10-27 21:51:28 [restartedMain] INFO  o.s.b.d.a.OptionalLiveReloadServer - LiveReload server is running on port 35729
2025-10-27 21:51:28 [restartedMain] INFO  o.a.coyote.http11.Http11NioProtocol - Starting ProtocolHandler ["http-nio-8080"]
2025-10-27 21:51:28 [restartedMain] INFO  o.s.b.w.e.tomcat.TomcatWebServer - Tomcat started on port 8080 (http) with context path '/'
2025-10-27 21:51:28 [restartedMain] INFO  com.transport.VanchuyenApplication - Started VanchuyenApplication in 19.751 seconds (process running for 22.203)
2025-10-27 21:51:32 [http-nio-8080-exec-1] INFO  o.a.c.c.C.[Tomcat].[localhost].[/] - Initializing Spring DispatcherServlet 'dispatcherServlet'
2025-10-27 21:51:32 [http-nio-8080-exec-1] INFO  o.s.web.servlet.DispatcherServlet - Initializing Servlet 'dispatcherServlet'
2025-10-27 21:51:32 [http-nio-8080-exec-1] INFO  o.s.web.servlet.DispatcherServlet - Completed initialization in 3 ms
2025-10-27 21:51:32 [http-nio-8080-exec-1] DEBUG org.hibernate.SQL - select v1_0.id,v1_0.brand,v1_0.color,v1_0.created_at,v1_0.engine_number,v1_0.inspection_expiry_date,v1_0.insurance_expiry_date,v1_0.license_plate,v1_0.manufacture_year,v1_0.model,v1_0.note,v1_0.purchase_date,v1_0.registration_date,v1_0.status,v1_0.updated_at,v1_0.vehicle_type_id,v1_0.vin from vehicles v1_0 where v1_0.id=?
2025-10-27 21:51:33 [http-nio-8080-exec-1] DEBUG org.hibernate.SQL - select v1_0.id from vehicles v1_0 where v1_0.license_plate=? and v1_0.id<>? limit ?
2025-10-27 21:51:33 [http-nio-8080-exec-1] WARN  o.s.w.s.m.m.a.ExceptionHandlerExceptionResolver - Resolved [com.transport.exception.AppException: Biển số xe đã tồn tại]
2025-10-27 21:51:40 [http-nio-8080-exec-5] DEBUG org.hibernate.SQL - select v1_0.id,v1_0.brand,v1_0.color,v1_0.created_at,v1_0.engine_number,v1_0.inspection_expiry_date,v1_0.insurance_expiry_date,v1_0.license_plate,v1_0.manufacture_year,v1_0.model,v1_0.note,v1_0.purchase_date,v1_0.registration_date,v1_0.status,v1_0.updated_at,v1_0.vehicle_type_id,v1_0.vin from vehicles v1_0 where v1_0.id=?
2025-10-27 21:51:40 [http-nio-8080-exec-5] DEBUG org.hibernate.SQL - select v1_0.id from vehicles v1_0 where v1_0.license_plate=? and v1_0.id<>? limit ?
2025-10-27 21:51:40 [http-nio-8080-exec-5] DEBUG org.hibernate.SQL - select v1_0.id from vehicles v1_0 where v1_0.vin=? and v1_0.id<>? limit ?
2025-10-27 21:51:40 [http-nio-8080-exec-5] WARN  o.s.w.s.m.m.a.ExceptionHandlerExceptionResolver - Resolved [com.transport.exception.AppException: Số khung xe đã tồn tại]
2025-10-27 21:51:58 [http-nio-8080-exec-9] DEBUG org.hibernate.SQL - select v1_0.id,v1_0.brand,v1_0.color,v1_0.created_at,v1_0.engine_number,v1_0.inspection_expiry_date,v1_0.insurance_expiry_date,v1_0.license_plate,v1_0.manufacture_year,v1_0.model,v1_0.note,v1_0.purchase_date,v1_0.registration_date,v1_0.status,v1_0.updated_at,v1_0.vehicle_type_id,v1_0.vin from vehicles v1_0 where v1_0.id=?
2025-10-27 21:51:58 [http-nio-8080-exec-9] DEBUG org.hibernate.SQL - select v1_0.id from vehicles v1_0 where v1_0.license_plate=? and v1_0.id<>? limit ?
2025-10-27 21:51:58 [http-nio-8080-exec-9] DEBUG org.hibernate.SQL - select v1_0.id from vehicles v1_0 where v1_0.vin=? and v1_0.id<>? limit ?
2025-10-27 21:51:58 [http-nio-8080-exec-9] WARN  o.s.w.s.m.m.a.ExceptionHandlerExceptionResolver - Resolved [com.transport.exception.AppException: Số khung xe đã tồn tại]
2025-10-27 21:52:20 [http-nio-8080-exec-10] DEBUG org.hibernate.SQL - select v1_0.id,v1_0.brand,v1_0.color,v1_0.created_at,v1_0.engine_number,v1_0.inspection_expiry_date,v1_0.insurance_expiry_date,v1_0.license_plate,v1_0.manufacture_year,v1_0.model,v1_0.note,v1_0.purchase_date,v1_0.registration_date,v1_0.status,v1_0.updated_at,v1_0.vehicle_type_id,v1_0.vin from vehicles v1_0 where v1_0.id=?
2025-10-27 21:52:20 [http-nio-8080-exec-10] DEBUG org.hibernate.SQL - select v1_0.id from vehicles v1_0 where v1_0.license_plate=? and v1_0.id<>? limit ?
2025-10-27 21:52:20 [http-nio-8080-exec-10] DEBUG org.hibernate.SQL - select v1_0.id from vehicles v1_0 where v1_0.vin=? and v1_0.id<>? limit ?
2025-10-27 21:52:20 [http-nio-8080-exec-10] DEBUG org.hibernate.SQL - select vt1_0.id,vt1_0.code,vt1_0.description,vt1_0.is_active,vt1_0.max_payload,vt1_0.name from vehicle_types vt1_0 where vt1_0.id=?
2025-10-27 21:52:20 [http-nio-8080-exec-10] DEBUG org.hibernate.SQL - update vehicles set brand=?,color=?,engine_number=?,inspection_expiry_date=?,insurance_expiry_date=?,license_plate=?,manufacture_year=?,model=?,note=?,purchase_date=?,registration_date=?,status=?,updated_at=?,vehicle_type_id=?,vin=? where id=?
2025-10-27 21:52:47 [File Watcher] INFO  o.s.b.d.a.LocalDevToolsAutoConfiguration$RestartingClassPathChangeChangedEventListener - Restarting due to 3 class path changes (0 additions, 0 deletions, 3 modifications)
2025-10-27 21:52:47 [Thread-5] INFO  o.s.b.w.e.tomcat.GracefulShutdown - Commencing graceful shutdown. Waiting for active requests to complete
2025-10-27 21:52:47 [tomcat-shutdown] INFO  o.a.coyote.http11.Http11NioProtocol - Pausing ProtocolHandler ["http-nio-8080"]
2025-10-27 21:52:47 [tomcat-shutdown] INFO  o.s.b.w.e.tomcat.GracefulShutdown - Graceful shutdown complete
2025-10-27 21:52:47 [Thread-5] INFO  o.a.coyote.http11.Http11NioProtocol - Stopping ProtocolHandler ["http-nio-8080"]
2025-10-27 21:52:47 [Thread-5] INFO  o.s.o.j.LocalContainerEntityManagerFactoryBean - Closing JPA EntityManagerFactory for persistence unit 'default'
2025-10-27 21:52:47 [Thread-5] INFO  com.zaxxer.hikari.HikariDataSource - HikariPool-1 - Shutdown initiated...
2025-10-27 21:52:47 [Thread-5] INFO  com.zaxxer.hikari.HikariDataSource - HikariPool-1 - Shutdown completed.
2025-10-27 21:52:48 [restartedMain] INFO  com.transport.VanchuyenApplication - Starting VanchuyenApplication using Java 21.0.7 with PID 4788 (D:\ITS\Truck\target\classes started by LENOVO in D:\ITS\Truck)
2025-10-27 21:52:48 [restartedMain] INFO  com.transport.VanchuyenApplication - No active profile set, falling back to 1 default profile: "default"
2025-10-27 21:52:48 [restartedMain] INFO  o.s.d.r.c.RepositoryConfigurationDelegate - Bootstrapping Spring Data JPA repositories in DEFAULT mode.
2025-10-27 21:52:48 [restartedMain] INFO  o.s.d.r.c.RepositoryConfigurationDelegate - Finished Spring Data repository scanning in 74 ms. Found 3 JPA repository interfaces.
2025-10-27 21:52:49 [restartedMain] INFO  o.s.b.w.e.tomcat.TomcatWebServer - Tomcat initialized with port 8080 (http)
2025-10-27 21:52:49 [restartedMain] INFO  o.a.coyote.http11.Http11NioProtocol - Initializing ProtocolHandler ["http-nio-8080"]
2025-10-27 21:52:49 [restartedMain] INFO  o.a.catalina.core.StandardService - Starting service [Tomcat]
2025-10-27 21:52:49 [restartedMain] INFO  o.a.catalina.core.StandardEngine - Starting Servlet engine: [Apache Tomcat/10.1.46]
2025-10-27 21:52:49 [restartedMain] INFO  o.a.c.c.C.[Tomcat].[localhost].[/] - Initializing Spring embedded WebApplicationContext
2025-10-27 21:52:49 [restartedMain] INFO  o.s.b.w.s.c.ServletWebServerApplicationContext - Root WebApplicationContext: initialization completed in 1189 ms
2025-10-27 21:52:49 [restartedMain] INFO  o.h.jpa.internal.util.LogHelper - HHH000204: Processing PersistenceUnitInfo [name: default]
2025-10-27 21:52:49 [restartedMain] INFO  o.h.c.i.RegionFactoryInitiator - HHH000026: Second-level cache disabled
2025-10-27 21:52:49 [restartedMain] INFO  o.s.o.j.p.SpringPersistenceUnitInfo - No LoadTimeWeaver setup: ignoring JPA class transformer
2025-10-27 21:52:49 [restartedMain] INFO  com.zaxxer.hikari.HikariDataSource - HikariPool-2 - Starting...
2025-10-27 21:52:49 [restartedMain] INFO  com.zaxxer.hikari.pool.HikariPool - HikariPool-2 - Added connection com.mysql.cj.jdbc.ConnectionImpl@354d315
2025-10-27 21:52:49 [restartedMain] INFO  com.zaxxer.hikari.HikariDataSource - HikariPool-2 - Start completed.
2025-10-27 21:52:49 [restartedMain] WARN  org.hibernate.orm.deprecation - HHH90000025: MySQLDialect does not need to be specified explicitly using 'hibernate.dialect' (remove the property setting and it will be selected by default)
2025-10-27 21:52:49 [restartedMain] INFO  o.hibernate.orm.connections.pooling - HHH10001005: Database info:
	Database JDBC URL [Connecting through datasource 'HikariDataSource (HikariPool-2)']
	Database driver: undefined/unknown
	Database version: 8.0.30
	Autocommit mode: undefined/unknown
	Isolation level: undefined/unknown
	Minimum pool size: undefined/unknown
	Maximum pool size: undefined/unknown
2025-10-27 21:52:50 [restartedMain] INFO  o.h.e.t.j.p.i.JtaPlatformInitiator - HHH000489: No JTA platform available (set 'hibernate.transaction.jta.platform' to enable JTA platform integration)
2025-10-27 21:52:50 [restartedMain] INFO  o.s.o.j.LocalContainerEntityManagerFactoryBean - Initialized JPA EntityManagerFactory for persistence unit 'default'
2025-10-27 21:52:51 [restartedMain] WARN  o.s.b.a.o.j.JpaBaseConfiguration$JpaWebConfiguration - spring.jpa.open-in-view is enabled by default. Therefore, database queries may be performed during view rendering. Explicitly configure spring.jpa.open-in-view to disable this warning
2025-10-27 21:52:51 [restartedMain] INFO  o.s.b.d.a.OptionalLiveReloadServer - LiveReload server is running on port 35729
2025-10-27 21:52:51 [restartedMain] INFO  o.a.coyote.http11.Http11NioProtocol - Starting ProtocolHandler ["http-nio-8080"]
2025-10-27 21:52:51 [restartedMain] INFO  o.s.b.w.e.tomcat.TomcatWebServer - Tomcat started on port 8080 (http) with context path '/'
2025-10-27 21:52:51 [restartedMain] INFO  com.transport.VanchuyenApplication - Started VanchuyenApplication in 3.539 seconds (process running for 105.528)
2025-10-27 21:52:51 [restartedMain] INFO  o.s.b.d.a.ConditionEvaluationDeltaLoggingListener - Condition evaluation unchanged
2025-10-27 21:53:12 [http-nio-8080-exec-1] INFO  o.a.c.c.C.[Tomcat].[localhost].[/] - Initializing Spring DispatcherServlet 'dispatcherServlet'
2025-10-27 21:53:12 [http-nio-8080-exec-1] INFO  o.s.web.servlet.DispatcherServlet - Initializing Servlet 'dispatcherServlet'
2025-10-27 21:53:12 [http-nio-8080-exec-1] INFO  o.s.web.servlet.DispatcherServlet - Completed initialization in 2 ms
2025-10-27 21:53:12 [http-nio-8080-exec-1] DEBUG org.hibernate.SQL - select v1_0.id,v1_0.brand,v1_0.color,v1_0.created_at,v1_0.engine_number,v1_0.inspection_expiry_date,v1_0.insurance_expiry_date,v1_0.license_plate,v1_0.manufacture_year,v1_0.model,v1_0.note,v1_0.purchase_date,v1_0.registration_date,v1_0.status,v1_0.updated_at,v1_0.vehicle_type_id,v1_0.vin from vehicles v1_0
2025-10-27 21:53:12 [http-nio-8080-exec-1] DEBUG org.hibernate.SQL - select vt1_0.id,vt1_0.code,vt1_0.description,vt1_0.is_active,vt1_0.max_payload,vt1_0.name from vehicle_types vt1_0 where vt1_0.id=?
2025-10-27 21:53:12 [http-nio-8080-exec-1] DEBUG org.hibernate.SQL - select vt1_0.id,vt1_0.code,vt1_0.description,vt1_0.is_active,vt1_0.max_payload,vt1_0.name from vehicle_types vt1_0 where vt1_0.id=?
2025-10-27 21:53:12 [http-nio-8080-exec-1] DEBUG org.hibernate.SQL - select vt1_0.id,vt1_0.code,vt1_0.description,vt1_0.is_active,vt1_0.max_payload,vt1_0.name from vehicle_types vt1_0 where vt1_0.id=?
2025-10-27 21:53:12 [http-nio-8080-exec-1] DEBUG org.hibernate.SQL - select vt1_0.id,vt1_0.code,vt1_0.description,vt1_0.is_active,vt1_0.max_payload,vt1_0.name from vehicle_types vt1_0 where vt1_0.id=?
2025-10-27 21:53:12 [http-nio-8080-exec-1] DEBUG org.hibernate.SQL - select vt1_0.id,vt1_0.code,vt1_0.description,vt1_0.is_active,vt1_0.max_payload,vt1_0.name from vehicle_types vt1_0 where vt1_0.id=?
2025-10-27 22:16:46 [background-preinit] INFO  o.h.validator.internal.util.Version - HV000001: Hibernate Validator 8.0.3.Final
2025-10-27 22:16:47 [restartedMain] INFO  com.transport.VanchuyenApplication - Starting VanchuyenApplication using Java 21.0.7 with PID 19244 (D:\ITS\Truck\target\classes started by LENOVO in D:\ITS\Truck)
2025-10-27 22:16:47 [restartedMain] INFO  com.transport.VanchuyenApplication - No active profile set, falling back to 1 default profile: "default"
2025-10-27 22:16:47 [restartedMain] INFO  o.s.b.d.e.DevToolsPropertyDefaultsPostProcessor - Devtools property defaults active! Set 'spring.devtools.add-properties' to 'false' to disable
2025-10-27 22:16:47 [restartedMain] INFO  o.s.b.d.e.DevToolsPropertyDefaultsPostProcessor - For additional web related logging consider setting the 'logging.level.web' property to 'DEBUG'
2025-10-27 22:16:50 [restartedMain] INFO  o.s.d.r.c.RepositoryConfigurationDelegate - Bootstrapping Spring Data JPA repositories in DEFAULT mode.
2025-10-27 22:16:50 [restartedMain] INFO  o.s.d.r.c.RepositoryConfigurationDelegate - Finished Spring Data repository scanning in 203 ms. Found 3 JPA repository interfaces.
2025-10-27 22:16:52 [restartedMain] INFO  o.s.b.w.e.tomcat.TomcatWebServer - Tomcat initialized with port 8080 (http)
2025-10-27 22:16:52 [restartedMain] INFO  o.a.coyote.http11.Http11NioProtocol - Initializing ProtocolHandler ["http-nio-8080"]
2025-10-27 22:16:52 [restartedMain] INFO  o.a.catalina.core.StandardService - Starting service [Tomcat]
2025-10-27 22:16:52 [restartedMain] INFO  o.a.catalina.core.StandardEngine - Starting Servlet engine: [Apache Tomcat/10.1.46]
2025-10-27 22:16:52 [restartedMain] INFO  o.a.c.c.C.[Tomcat].[localhost].[/] - Initializing Spring embedded WebApplicationContext
2025-10-27 22:16:52 [restartedMain] INFO  o.s.b.w.s.c.ServletWebServerApplicationContext - Root WebApplicationContext: initialization completed in 5405 ms
2025-10-27 22:16:53 [restartedMain] INFO  o.h.jpa.internal.util.LogHelper - HHH000204: Processing PersistenceUnitInfo [name: default]
2025-10-27 22:16:53 [restartedMain] INFO  org.hibernate.Version - HHH000412: Hibernate ORM core version 6.6.29.Final
2025-10-27 22:16:53 [restartedMain] INFO  o.h.c.i.RegionFactoryInitiator - HHH000026: Second-level cache disabled
2025-10-27 22:16:54 [restartedMain] INFO  o.s.o.j.p.SpringPersistenceUnitInfo - No LoadTimeWeaver setup: ignoring JPA class transformer
2025-10-27 22:16:54 [restartedMain] INFO  com.zaxxer.hikari.HikariDataSource - HikariPool-1 - Starting...
2025-10-27 22:16:55 [restartedMain] INFO  com.zaxxer.hikari.pool.HikariPool - HikariPool-1 - Added connection com.mysql.cj.jdbc.ConnectionImpl@46547074
2025-10-27 22:16:55 [restartedMain] INFO  com.zaxxer.hikari.HikariDataSource - HikariPool-1 - Start completed.
2025-10-27 22:16:56 [restartedMain] WARN  org.hibernate.orm.deprecation - HHH90000025: MySQLDialect does not need to be specified explicitly using 'hibernate.dialect' (remove the property setting and it will be selected by default)
2025-10-27 22:16:56 [restartedMain] INFO  o.hibernate.orm.connections.pooling - HHH10001005: Database info:
	Database JDBC URL [Connecting through datasource 'HikariDataSource (HikariPool-1)']
	Database driver: undefined/unknown
	Database version: 8.0.30
	Autocommit mode: undefined/unknown
	Isolation level: undefined/unknown
	Minimum pool size: undefined/unknown
	Maximum pool size: undefined/unknown
2025-10-27 22:17:00 [restartedMain] INFO  o.h.e.t.j.p.i.JtaPlatformInitiator - HHH000489: No JTA platform available (set 'hibernate.transaction.jta.platform' to enable JTA platform integration)
2025-10-27 22:17:00 [restartedMain] INFO  o.s.o.j.LocalContainerEntityManagerFactoryBean - Initialized JPA EntityManagerFactory for persistence unit 'default'
2025-10-27 22:17:02 [restartedMain] WARN  o.s.b.a.o.j.JpaBaseConfiguration$JpaWebConfiguration - spring.jpa.open-in-view is enabled by default. Therefore, database queries may be performed during view rendering. Explicitly configure spring.jpa.open-in-view to disable this warning
2025-10-27 22:17:04 [restartedMain] INFO  o.s.b.d.a.OptionalLiveReloadServer - LiveReload server is running on port 35729
2025-10-27 22:17:04 [restartedMain] INFO  o.a.coyote.http11.Http11NioProtocol - Starting ProtocolHandler ["http-nio-8080"]
2025-10-27 22:17:04 [restartedMain] INFO  o.s.b.w.e.tomcat.TomcatWebServer - Tomcat started on port 8080 (http) with context path '/'
2025-10-27 22:17:04 [restartedMain] INFO  com.transport.VanchuyenApplication - Started VanchuyenApplication in 18.813 seconds (process running for 19.939)
2025-10-27 22:17:09 [http-nio-8080-exec-2] INFO  o.a.c.c.C.[Tomcat].[localhost].[/] - Initializing Spring DispatcherServlet 'dispatcherServlet'
2025-10-27 22:17:09 [http-nio-8080-exec-2] INFO  o.s.web.servlet.DispatcherServlet - Initializing Servlet 'dispatcherServlet'
2025-10-27 22:17:09 [http-nio-8080-exec-2] INFO  o.s.web.servlet.DispatcherServlet - Completed initialization in 1 ms
2025-10-27 22:17:09 [http-nio-8080-exec-2] DEBUG org.hibernate.SQL - select v1_0.id,v1_0.brand,v1_0.color,v1_0.created_at,v1_0.engine_number,v1_0.inspection_expiry_date,v1_0.insurance_expiry_date,v1_0.license_plate,v1_0.manufacture_year,v1_0.model,v1_0.note,v1_0.purchase_date,v1_0.registration_date,v1_0.status,v1_0.updated_at,v1_0.vehicle_type_id,v1_0.vin from vehicles v1_0 where v1_0.id=?
2025-10-27 22:17:09 [http-nio-8080-exec-2] DEBUG org.hibernate.SQL - select vt1_0.id,vt1_0.code,vt1_0.description,vt1_0.is_active,vt1_0.max_payload,vt1_0.name from vehicle_types vt1_0 where vt1_0.id=?
2025-10-27 22:17:09 [http-nio-8080-exec-2] DEBUG org.hibernate.SQL - select t1_0.vehicle_id,t1_0.id,t1_0.actual_arrival_time,t1_0.approved_at,t1_0.approved_by,t1_0.cancellation_reason,t1_0.cancelled_at,t1_0.cargo_description,t1_0.cargo_weight,t1_0.completed_at,t1_0.created_at,t1_0.created_by,t1_0.departure_time,t1_0.driver_id,t1_0.estimated_arrival_time,t1_0.note,t1_0.route_id,t1_0.status,t1_0.trip_code,t1_0.updated_at from trips t1_0 where t1_0.vehicle_id=?
2025-10-27 22:17:09 [http-nio-8080-exec-2] DEBUG org.hibernate.SQL - select r1_0.id,r1_0.code,r1_0.description,r1_0.destination,r1_0.distance_km,r1_0.estimated_duration_hours,r1_0.estimated_fuel_cost,r1_0.is_active,r1_0.name,r1_0.origin from routes r1_0 where r1_0.id=?
2025-10-27 22:17:09 [http-nio-8080-exec-2] DEBUG org.hibernate.SQL - select d1_0.id,d1_0.base_salary,d1_0.created_at,d1_0.driver_code,d1_0.employment_status,d1_0.license_class,d1_0.license_expiry_date,d1_0.license_issue_date,d1_0.license_number,d1_0.note,d1_0.updated_at,d1_0.years_of_experience from drivers d1_0 where d1_0.id=?
2025-10-27 22:17:09 [http-nio-8080-exec-2] DEBUG org.hibernate.SQL - select u1_0.id,u1_0.address,u1_0.avatar_url,u1_0.created_at,u1_0.date_of_birth,d1_0.id,d1_0.base_salary,d1_0.created_at,d1_0.driver_code,d1_0.employment_status,d1_0.license_class,d1_0.license_expiry_date,d1_0.license_issue_date,d1_0.license_number,d1_0.note,d1_0.updated_at,d1_0.years_of_experience,u1_0.full_name,u1_0.id_number,u1_0.is_active,u1_0.password,p1_0.user_id,p1_1.id,p1_1.permission_name,u1_0.phone,u1_0.role,u1_0.updated_at,u1_0.username from users u1_0 left join drivers d1_0 on u1_0.id=d1_0.id left join user_permissions p1_0 on u1_0.id=p1_0.user_id left join permissions p1_1 on p1_1.id=p1_0.permission_id where u1_0.id=?
2025-10-27 22:17:10 [http-nio-8080-exec-2] DEBUG org.hibernate.SQL - select u1_0.id,u1_0.address,u1_0.avatar_url,u1_0.created_at,u1_0.date_of_birth,d1_0.id,d1_0.base_salary,d1_0.created_at,d1_0.driver_code,d1_0.employment_status,d1_0.license_class,d1_0.license_expiry_date,d1_0.license_issue_date,d1_0.license_number,d1_0.note,d1_0.updated_at,d1_0.years_of_experience,u1_0.full_name,u1_0.id_number,u1_0.is_active,u1_0.password,p1_0.user_id,p1_1.id,p1_1.permission_name,u1_0.phone,u1_0.role,u1_0.updated_at,u1_0.username from users u1_0 left join drivers d1_0 on u1_0.id=d1_0.id left join user_permissions p1_0 on u1_0.id=p1_0.user_id left join permissions p1_1 on p1_1.id=p1_0.permission_id where u1_0.id=?
2025-10-27 22:17:10 [http-nio-8080-exec-2] DEBUG org.hibernate.SQL - select r1_0.id,r1_0.code,r1_0.description,r1_0.destination,r1_0.distance_km,r1_0.estimated_duration_hours,r1_0.estimated_fuel_cost,r1_0.is_active,r1_0.name,r1_0.origin from routes r1_0 where r1_0.id=?
2025-10-27 22:17:10 [http-nio-8080-exec-2] DEBUG org.hibernate.SQL - select r1_0.id,r1_0.code,r1_0.description,r1_0.destination,r1_0.distance_km,r1_0.estimated_duration_hours,r1_0.estimated_fuel_cost,r1_0.is_active,r1_0.name,r1_0.origin from routes r1_0 where r1_0.id=?
2025-10-27 22:18:20 [SpringApplicationShutdownHook] INFO  o.s.b.w.e.tomcat.GracefulShutdown - Commencing graceful shutdown. Waiting for active requests to complete
2025-10-27 22:18:20 [tomcat-shutdown] INFO  o.s.b.w.e.tomcat.GracefulShutdown - Graceful shutdown complete
2025-10-27 22:18:20 [SpringApplicationShutdownHook] INFO  o.s.o.j.LocalContainerEntityManagerFactoryBean - Closing JPA EntityManagerFactory for persistence unit 'default'
2025-10-27 22:18:20 [SpringApplicationShutdownHook] INFO  com.zaxxer.hikari.HikariDataSource - HikariPool-1 - Shutdown initiated...
2025-10-27 22:18:20 [SpringApplicationShutdownHook] INFO  com.zaxxer.hikari.HikariDataSource - HikariPool-1 - Shutdown completed.
