2025-10-25 16:39:28 [background-preinit] INFO  o.h.validator.internal.util.Version - HV000001: Hibernate Validator 8.0.3.Final
2025-10-25 16:39:29 [restartedMain] INFO  com.transport.VanchuyenApplication - Starting VanchuyenApplication using Java 21.0.7 with PID 340 (D:\ITS\Truck\target\classes started by LENOVO in D:\ITS\Truck)
2025-10-25 16:39:29 [restartedMain] INFO  com.transport.VanchuyenApplication - No active profile set, falling back to 1 default profile: "default"
2025-10-25 16:39:29 [restartedMain] INFO  o.s.b.d.e.DevToolsPropertyDefaultsPostProcessor - Devtools property defaults active! Set 'spring.devtools.add-properties' to 'false' to disable
2025-10-25 16:39:29 [restartedMain] INFO  o.s.b.d.e.DevToolsPropertyDefaultsPostProcessor - For additional web related logging consider setting the 'logging.level.web' property to 'DEBUG'
2025-10-25 16:39:32 [restartedMain] INFO  o.s.d.r.c.RepositoryConfigurationDelegate - Bootstrapping Spring Data JPA repositories in DEFAULT mode.
2025-10-25 16:39:32 [restartedMain] INFO  o.s.d.r.c.RepositoryConfigurationDelegate - Finished Spring Data repository scanning in 91 ms. Found 0 JPA repository interfaces.
2025-10-25 16:39:34 [restartedMain] INFO  o.s.b.w.e.tomcat.TomcatWebServer - Tomcat initialized with port 8080 (http)
2025-10-25 16:39:34 [restartedMain] INFO  o.a.coyote.http11.Http11NioProtocol - Initializing ProtocolHandler ["http-nio-8080"]
2025-10-25 16:39:34 [restartedMain] INFO  o.a.catalina.core.StandardService - Starting service [Tomcat]
2025-10-25 16:39:34 [restartedMain] INFO  o.a.catalina.core.StandardEngine - Starting Servlet engine: [Apache Tomcat/10.1.46]
2025-10-25 16:39:35 [restartedMain] INFO  o.a.c.c.C.[Tomcat].[localhost].[/] - Initializing Spring embedded WebApplicationContext
2025-10-25 16:39:35 [restartedMain] INFO  o.s.b.w.s.c.ServletWebServerApplicationContext - Root WebApplicationContext: initialization completed in 5933 ms
2025-10-25 16:39:36 [restartedMain] INFO  o.h.jpa.internal.util.LogHelper - HHH000204: Processing PersistenceUnitInfo [name: default]
2025-10-25 16:39:36 [restartedMain] INFO  org.hibernate.Version - HHH000412: Hibernate ORM core version 6.6.29.Final
2025-10-25 16:39:36 [restartedMain] INFO  o.h.c.i.RegionFactoryInitiator - HHH000026: Second-level cache disabled
2025-10-25 16:39:37 [restartedMain] INFO  o.s.o.j.p.SpringPersistenceUnitInfo - No LoadTimeWeaver setup: ignoring JPA class transformer
2025-10-25 16:39:37 [restartedMain] INFO  com.zaxxer.hikari.HikariDataSource - HikariPool-1 - Starting...
2025-10-25 16:39:39 [restartedMain] INFO  com.zaxxer.hikari.pool.HikariPool - HikariPool-1 - Added connection com.mysql.cj.jdbc.ConnectionImpl@54a478f5
2025-10-25 16:39:39 [restartedMain] INFO  com.zaxxer.hikari.HikariDataSource - HikariPool-1 - Start completed.
2025-10-25 16:39:39 [restartedMain] WARN  org.hibernate.orm.deprecation - HHH90000025: MySQLDialect does not need to be specified explicitly using 'hibernate.dialect' (remove the property setting and it will be selected by default)
2025-10-25 16:39:39 [restartedMain] INFO  o.hibernate.orm.connections.pooling - HHH10001005: Database info:
	Database JDBC URL [Connecting through datasource 'HikariDataSource (HikariPool-1)']
	Database driver: undefined/unknown
	Database version: 8.0.30
	Autocommit mode: undefined/unknown
	Isolation level: undefined/unknown
	Minimum pool size: undefined/unknown
	Maximum pool size: undefined/unknown
2025-10-25 16:39:43 [restartedMain] INFO  o.h.e.t.j.p.i.JtaPlatformInitiator - HHH000489: No JTA platform available (set 'hibernate.transaction.jta.platform' to enable JTA platform integration)
2025-10-25 16:39:43 [restartedMain] DEBUG org.hibernate.SQL - create table drivers (id bigint not null, created_at datetime(6), updated_at datetime(6), base_salary decimal(38,2), driver_code varchar(255), employment_status enum ('ACTIVE','ON_LEAVE','RESIGNED','SUSPENDED') not null, license_class varchar(255) not null, license_expiry_date date not null, license_issue_date date not null, license_number varchar(255), note varchar(255), years_of_experience integer, primary key (id)) engine=InnoDB
2025-10-25 16:39:44 [restartedMain] DEBUG org.hibernate.SQL - create table expense_categories (id bigint not null auto_increment, category_group enum ('ACCOMMODATION','ADMINISTRATIVE','FUEL','MAINTENANCE','MEAL','OTHER','PARKING','TOLL'), code varchar(255) not null, description varchar(255), is_active bit not null, name varchar(255) not null, primary key (id)) engine=InnoDB
2025-10-25 16:39:44 [restartedMain] DEBUG org.hibernate.SQL - create table expenses (id bigint not null auto_increment, created_at datetime(6), updated_at datetime(6), accountant_approved_at datetime(6), accountant_note varchar(255), amount decimal(38,2), attachment_url varchar(255), description varchar(255), expense_code varchar(255), expense_date date, location varchar(255), manager_approved_at datetime(6), manager_note varchar(255), receipt_number varchar(255), status enum ('ACCOUNTANT_APPROVED','MANAGER_APPROVED','PAID','PENDING','REJECTED') not null, accountant_approved_by_id bigint, category_id bigint not null, driver_by_id bigint, manager_approved_by_id bigint, trip_id bigint, primary key (id)) engine=InnoDB
2025-10-25 16:39:44 [restartedMain] DEBUG org.hibernate.SQL - create table invalidated_tokens (token_id varchar(36) not null, expiry_time datetime(6) not null, primary key (token_id)) engine=InnoDB
2025-10-25 16:39:44 [restartedMain] DEBUG org.hibernate.SQL - create table permissions (id bigint not null auto_increment, permission_name varchar(255) not null, primary key (id)) engine=InnoDB
2025-10-25 16:39:44 [restartedMain] DEBUG org.hibernate.SQL - create table routes (id bigint not null auto_increment, code varchar(255), description varchar(1000), destination varchar(200) not null, distance_km decimal(10,2) not null, estimated_duration_hours decimal(5,2), estimated_fuel_cost decimal(15,2), is_active bit not null, name varchar(200) not null, origin varchar(200) not null, primary key (id)) engine=InnoDB
2025-10-25 16:39:44 [restartedMain] DEBUG org.hibernate.SQL - create table salary_reports (id bigint not null auto_increment, created_at datetime(6), updated_at datetime(6), allowance decimal(38,2), base_salary decimal(38,2), deduction decimal(38,2), is_paid bit not null, note varchar(255), paid_at datetime(6), report_month varbinary(255) not null, total_distance decimal(38,2), total_salary decimal(38,2) not null, total_trips integer not null, trip_bonus decimal(38,2), driver_id bigint not null, primary key (id)) engine=InnoDB
2025-10-25 16:39:44 [restartedMain] DEBUG org.hibernate.SQL - create table trips (id bigint not null auto_increment, created_at datetime(6), updated_at datetime(6), actual_arrival_time datetime(6), approved_at datetime(6), cancellation_reason varchar(255), cancelled_at datetime(6), cargo_description varchar(255), cargo_weight decimal(38,2), completed_at datetime(6), departure_time datetime(6), estimated_arrival_time datetime(6), note varchar(255), status enum ('APPROVED','CANCELLED','COMPLETED','IN_PROGRESS','PENDING'), trip_code varchar(255), approved_by bigint, created_by bigint, driver_id bigint, route_id bigint, vehicle_id bigint, primary key (id)) engine=InnoDB
2025-10-25 16:39:44 [restartedMain] DEBUG org.hibernate.SQL - create table user_permissions (user_id bigint not null, permission_id bigint not null, primary key (user_id, permission_id)) engine=InnoDB
2025-10-25 16:39:44 [restartedMain] DEBUG org.hibernate.SQL - create table users (id bigint not null auto_increment, created_at datetime(6), updated_at datetime(6), address varchar(255), avatar_url varchar(255), date_of_birth date, full_name varchar(255), id_number varchar(255), is_active bit, password varchar(255) not null, phone varchar(255), role enum ('ACCOUNTANT','ADMIN','DRIVER','MANAGER','OPERATOR') not null, username varchar(255) not null, primary key (id)) engine=InnoDB
2025-10-25 16:39:44 [restartedMain] DEBUG org.hibernate.SQL - create table vehicle_types (id bigint not null auto_increment, code varchar(255), description varchar(255), is_active bit, max_payload decimal(38,2), name varchar(255), primary key (id)) engine=InnoDB
2025-10-25 16:39:45 [restartedMain] DEBUG org.hibernate.SQL - create table vehicles (id bigint not null auto_increment, created_at datetime(6), updated_at datetime(6), brand varchar(255), color varchar(255), engine_number varchar(255), inspection_expiry_date date, insurance_expiry_date date, license_plate varchar(255), manufacture_year integer, model varchar(255), note varchar(1000), purchase_date date, registration_date date, status enum ('AVAILABLE','BROKEN','INACTIVE','IN_USE','MAINTENANCE'), vin varchar(255), vehicle_type_id bigint, primary key (id)) engine=InnoDB
2025-10-25 16:39:45 [restartedMain] DEBUG org.hibernate.SQL - create index idx_driver_code on drivers (driver_code)
2025-10-25 16:39:45 [restartedMain] DEBUG org.hibernate.SQL - create index idx_license_number on drivers (license_number)
2025-10-25 16:39:45 [restartedMain] DEBUG org.hibernate.SQL - alter table drivers drop index UKaci756ta5yabak10263t72gny
2025-10-25 16:39:46 [restartedMain] DEBUG org.hibernate.SQL - alter table drivers add constraint UKaci756ta5yabak10263t72gny unique (driver_code)
2025-10-25 16:39:47 [restartedMain] DEBUG org.hibernate.SQL - alter table drivers drop index UKcr60ij36fuvtcb87298g6rct6
2025-10-25 16:39:47 [restartedMain] DEBUG org.hibernate.SQL - alter table drivers add constraint UKcr60ij36fuvtcb87298g6rct6 unique (license_number)
2025-10-25 16:39:47 [restartedMain] DEBUG org.hibernate.SQL - alter table expense_categories drop index UKf6jlej8txbi96jpr2757v48mf
2025-10-25 16:39:47 [restartedMain] DEBUG org.hibernate.SQL - alter table expense_categories add constraint UKf6jlej8txbi96jpr2757v48mf unique (code)
2025-10-25 16:39:47 [restartedMain] DEBUG org.hibernate.SQL - create index idx_trip_id on expenses (trip_id)
2025-10-25 16:39:47 [restartedMain] DEBUG org.hibernate.SQL - create index idx_status on expenses (status)
2025-10-25 16:39:47 [restartedMain] DEBUG org.hibernate.SQL - create index idx_expense_date on expenses (expense_date)
2025-10-25 16:39:47 [restartedMain] DEBUG org.hibernate.SQL - alter table expenses drop index UK8b047f7t6u869sya4xh6f8530
2025-10-25 16:39:47 [restartedMain] DEBUG org.hibernate.SQL - alter table expenses add constraint UK8b047f7t6u869sya4xh6f8530 unique (expense_code)
2025-10-25 16:39:47 [restartedMain] DEBUG org.hibernate.SQL - alter table permissions drop index UKnry1f3jmc4abb5yvkftlvn6vg
2025-10-25 16:39:47 [restartedMain] DEBUG org.hibernate.SQL - alter table permissions add constraint UKnry1f3jmc4abb5yvkftlvn6vg unique (permission_name)
2025-10-25 16:39:47 [restartedMain] DEBUG org.hibernate.SQL - alter table routes drop index UKa9rxiut5x5syhn30p1e5uxfn5
2025-10-25 16:39:47 [restartedMain] DEBUG org.hibernate.SQL - alter table routes add constraint UKa9rxiut5x5syhn30p1e5uxfn5 unique (code)
2025-10-25 16:39:47 [restartedMain] DEBUG org.hibernate.SQL - create index idx_driver_month on salary_reports (driver_id, report_month)
2025-10-25 16:39:47 [restartedMain] DEBUG org.hibernate.SQL - create index idx_trip_code on trips (trip_code)
2025-10-25 16:39:47 [restartedMain] DEBUG org.hibernate.SQL - create index idx_status on trips (status)
2025-10-25 16:39:48 [restartedMain] DEBUG org.hibernate.SQL - create index idx_departure on trips (departure_time)
2025-10-25 16:39:48 [restartedMain] DEBUG org.hibernate.SQL - alter table trips drop index UKsp0nm9rujn2bx6kexw6uv35ks
2025-10-25 16:39:48 [restartedMain] DEBUG org.hibernate.SQL - alter table trips add constraint UKsp0nm9rujn2bx6kexw6uv35ks unique (trip_code)
2025-10-25 16:39:48 [restartedMain] DEBUG org.hibernate.SQL - create index idx_username on users (username)
2025-10-25 16:39:48 [restartedMain] DEBUG org.hibernate.SQL - create index idx_email on users (email)
2025-10-25 16:39:48 [restartedMain] WARN  o.h.t.s.i.ExceptionHandlerLoggedImpl - GenerationTarget encountered exception accepting command : Error executing DDL "create index idx_email on users (email)" via JDBC [Key column 'email' doesn't exist in table]
org.hibernate.tool.schema.spi.CommandAcceptanceException: Error executing DDL "create index idx_email on users (email)" via JDBC [Key column 'email' doesn't exist in table]
	at org.hibernate.tool.schema.internal.exec.GenerationTargetToDatabase.accept(GenerationTargetToDatabase.java:94)
	at org.hibernate.tool.schema.internal.AbstractSchemaMigrator.applySqlString(AbstractSchemaMigrator.java:576)
	at org.hibernate.tool.schema.internal.AbstractSchemaMigrator.applySqlStrings(AbstractSchemaMigrator.java:516)
	at org.hibernate.tool.schema.internal.AbstractSchemaMigrator.applyIndexes(AbstractSchemaMigrator.java:361)
	at org.hibernate.tool.schema.internal.GroupedSchemaMigratorImpl.performTablesMigration(GroupedSchemaMigratorImpl.java:96)
	at org.hibernate.tool.schema.internal.AbstractSchemaMigrator.performMigration(AbstractSchemaMigrator.java:233)
	at org.hibernate.tool.schema.internal.AbstractSchemaMigrator.doMigration(AbstractSchemaMigrator.java:112)
	at org.hibernate.tool.schema.spi.SchemaManagementToolCoordinator.performDatabaseAction(SchemaManagementToolCoordinator.java:280)
	at org.hibernate.tool.schema.spi.SchemaManagementToolCoordinator.lambda$process$5(SchemaManagementToolCoordinator.java:144)
	at java.base/java.util.HashMap.forEach(HashMap.java:1429)
	at org.hibernate.tool.schema.spi.SchemaManagementToolCoordinator.process(SchemaManagementToolCoordinator.java:141)
	at org.hibernate.boot.internal.SessionFactoryObserverForSchemaExport.sessionFactoryCreated(SessionFactoryObserverForSchemaExport.java:37)
	at org.hibernate.internal.SessionFactoryObserverChain.sessionFactoryCreated(SessionFactoryObserverChain.java:35)
	at org.hibernate.internal.SessionFactoryImpl.<init>(SessionFactoryImpl.java:324)
	at org.hibernate.boot.internal.SessionFactoryBuilderImpl.build(SessionFactoryBuilderImpl.java:463)
	at org.hibernate.jpa.boot.internal.EntityManagerFactoryBuilderImpl.build(EntityManagerFactoryBuilderImpl.java:1517)
	at org.springframework.orm.jpa.vendor.SpringHibernateJpaPersistenceProvider.createContainerEntityManagerFactory(SpringHibernateJpaPersistenceProvider.java:66)
	at org.springframework.orm.jpa.LocalContainerEntityManagerFactoryBean.createNativeEntityManagerFactory(LocalContainerEntityManagerFactoryBean.java:390)
	at org.springframework.orm.jpa.AbstractEntityManagerFactoryBean.buildNativeEntityManagerFactory(AbstractEntityManagerFactoryBean.java:419)
	at org.springframework.orm.jpa.AbstractEntityManagerFactoryBean.afterPropertiesSet(AbstractEntityManagerFactoryBean.java:400)
	at org.springframework.orm.jpa.LocalContainerEntityManagerFactoryBean.afterPropertiesSet(LocalContainerEntityManagerFactoryBean.java:366)
	at org.springframework.beans.factory.support.AbstractAutowireCapableBeanFactory.invokeInitMethods(AbstractAutowireCapableBeanFactory.java:1873)
	at org.springframework.beans.factory.support.AbstractAutowireCapableBeanFactory.initializeBean(AbstractAutowireCapableBeanFactory.java:1822)
	at org.springframework.beans.factory.support.AbstractAutowireCapableBeanFactory.doCreateBean(AbstractAutowireCapableBeanFactory.java:607)
	at org.springframework.beans.factory.support.AbstractAutowireCapableBeanFactory.createBean(AbstractAutowireCapableBeanFactory.java:529)
	at org.springframework.beans.factory.support.AbstractBeanFactory.lambda$doGetBean$0(AbstractBeanFactory.java:339)
	at org.springframework.beans.factory.support.DefaultSingletonBeanRegistry.getSingleton(DefaultSingletonBeanRegistry.java:373)
	at org.springframework.beans.factory.support.AbstractBeanFactory.doGetBean(AbstractBeanFactory.java:337)
	at org.springframework.beans.factory.support.AbstractBeanFactory.getBean(AbstractBeanFactory.java:207)
	at org.springframework.context.support.AbstractApplicationContext.finishBeanFactoryInitialization(AbstractApplicationContext.java:970)
	at org.springframework.context.support.AbstractApplicationContext.refresh(AbstractApplicationContext.java:627)
	at org.springframework.boot.web.servlet.context.ServletWebServerApplicationContext.refresh(ServletWebServerApplicationContext.java:146)
	at org.springframework.boot.SpringApplication.refresh(SpringApplication.java:752)
	at org.springframework.boot.SpringApplication.refreshContext(SpringApplication.java:439)
	at org.springframework.boot.SpringApplication.run(SpringApplication.java:318)
	at org.springframework.boot.SpringApplication.run(SpringApplication.java:1361)
	at org.springframework.boot.SpringApplication.run(SpringApplication.java:1350)
	at com.transport.VanchuyenApplication.main(VanchuyenApplication.java:10)
	at java.base/jdk.internal.reflect.DirectMethodHandleAccessor.invoke(DirectMethodHandleAccessor.java:103)
	at java.base/java.lang.reflect.Method.invoke(Method.java:580)
	at org.springframework.boot.devtools.restart.RestartLauncher.run(RestartLauncher.java:50)
Caused by: java.sql.SQLSyntaxErrorException: Key column 'email' doesn't exist in table
	at com.mysql.cj.jdbc.exceptions.SQLError.createSQLException(SQLError.java:112)
	at com.mysql.cj.jdbc.exceptions.SQLExceptionsMapping.translateException(SQLExceptionsMapping.java:114)
	at com.mysql.cj.jdbc.StatementImpl.executeInternal(StatementImpl.java:837)
	at com.mysql.cj.jdbc.StatementImpl.execute(StatementImpl.java:685)
	at com.zaxxer.hikari.pool.ProxyStatement.execute(ProxyStatement.java:95)
	at com.zaxxer.hikari.pool.HikariProxyStatement.execute(HikariProxyStatement.java)
	at org.hibernate.tool.schema.internal.exec.GenerationTargetToDatabase.accept(GenerationTargetToDatabase.java:80)
	... 40 common frames omitted
2025-10-25 16:39:48 [restartedMain] DEBUG org.hibernate.SQL - alter table users drop index UKr43af9ap4edm43mmtq01oddj6
2025-10-25 16:39:48 [restartedMain] DEBUG org.hibernate.SQL - alter table users add constraint UKr43af9ap4edm43mmtq01oddj6 unique (username)
2025-10-25 16:39:48 [restartedMain] DEBUG org.hibernate.SQL - alter table vehicle_types drop index UK3vupqfm0cv4hpg7xukymc5r48
2025-10-25 16:39:48 [restartedMain] DEBUG org.hibernate.SQL - alter table vehicle_types add constraint UK3vupqfm0cv4hpg7xukymc5r48 unique (code)
2025-10-25 16:39:48 [restartedMain] DEBUG org.hibernate.SQL - create index idx_license_plate on vehicles (license_plate)
2025-10-25 16:39:48 [restartedMain] DEBUG org.hibernate.SQL - create index idx_status on vehicles (status)
2025-10-25 16:39:48 [restartedMain] DEBUG org.hibernate.SQL - alter table vehicles drop index UK6brka0b8j7n06xd43x37hlvlt
2025-10-25 16:39:48 [restartedMain] DEBUG org.hibernate.SQL - alter table vehicles add constraint UK6brka0b8j7n06xd43x37hlvlt unique (vin)
2025-10-25 16:39:48 [restartedMain] DEBUG org.hibernate.SQL - alter table drivers add constraint FK42t7oc22hxtycuep31ry8csap foreign key (id) references users (id)
2025-10-25 16:39:48 [restartedMain] DEBUG org.hibernate.SQL - alter table expenses add constraint FKlff3kma37l6x5me5b16t6ewkx foreign key (accountant_approved_by_id) references users (id)
2025-10-25 16:39:49 [restartedMain] DEBUG org.hibernate.SQL - alter table expenses add constraint FKg7aulw52en8nct0mjq8uut03q foreign key (category_id) references expense_categories (id)
2025-10-25 16:39:49 [restartedMain] DEBUG org.hibernate.SQL - alter table expenses add constraint FKpi5l7ivord78p2qmanfeomt9j foreign key (driver_by_id) references drivers (id)
2025-10-25 16:39:49 [restartedMain] DEBUG org.hibernate.SQL - alter table expenses add constraint FKl040r4i5b86uyrh9ti5c0sl6x foreign key (manager_approved_by_id) references users (id)
2025-10-25 16:39:50 [restartedMain] DEBUG org.hibernate.SQL - alter table expenses add constraint FK9twvm79qw1voae3xgtn1xq5y9 foreign key (trip_id) references trips (id)
2025-10-25 16:39:50 [restartedMain] DEBUG org.hibernate.SQL - alter table salary_reports add constraint FKqwrytpk1jx20cjltclg7ceixo foreign key (driver_id) references drivers (id)
2025-10-25 16:39:51 [restartedMain] DEBUG org.hibernate.SQL - alter table trips add constraint FKclwe5e2id272mqpxp5errv3k5 foreign key (approved_by) references users (id)
2025-10-25 16:39:51 [restartedMain] DEBUG org.hibernate.SQL - alter table trips add constraint FKc4x3abgpcmxs8xcr9f238fpby foreign key (created_by) references users (id)
2025-10-25 16:39:52 [restartedMain] DEBUG org.hibernate.SQL - alter table trips add constraint FKaq8aob3mymsvmh1fkko7k9ql9 foreign key (driver_id) references drivers (id)
2025-10-25 16:39:53 [restartedMain] DEBUG org.hibernate.SQL - alter table trips add constraint FKm7ci3blm9wj2k0d94chu18y7s foreign key (route_id) references routes (id)
2025-10-25 16:39:53 [restartedMain] DEBUG org.hibernate.SQL - alter table trips add constraint FKqahsaodjirbk4if91c9bfnlgg foreign key (vehicle_id) references vehicles (id)
2025-10-25 16:39:53 [restartedMain] DEBUG org.hibernate.SQL - alter table user_permissions add constraint FKq4qlrabt4s0etm9tfkoqfuib1 foreign key (permission_id) references permissions (id)
2025-10-25 16:39:54 [restartedMain] DEBUG org.hibernate.SQL - alter table user_permissions add constraint FKkowxl8b2bngrxd1gafh13005u foreign key (user_id) references users (id)
2025-10-25 16:39:54 [restartedMain] DEBUG org.hibernate.SQL - alter table vehicles add constraint FKk3cs3vldlan30kg1x6b57i4fe foreign key (vehicle_type_id) references vehicle_types (id)
2025-10-25 16:39:54 [restartedMain] INFO  o.s.o.j.LocalContainerEntityManagerFactoryBean - Initialized JPA EntityManagerFactory for persistence unit 'default'
2025-10-25 16:39:55 [restartedMain] WARN  o.s.b.a.o.j.JpaBaseConfiguration$JpaWebConfiguration - spring.jpa.open-in-view is enabled by default. Therefore, database queries may be performed during view rendering. Explicitly configure spring.jpa.open-in-view to disable this warning
2025-10-25 16:39:56 [restartedMain] WARN  o.s.b.w.s.c.AnnotationConfigServletWebServerApplicationContext - Exception encountered during context initialization - cancelling refresh attempt: org.springframework.beans.factory.BeanCreationException: Error creating bean with name 'dataSourceScriptDatabaseInitializer' defined in class path resource [org/springframework/boot/autoconfigure/sql/init/DataSourceInitializationConfiguration.class]: Failed to execute SQL script statement #9 of file [D:\ITS\Truck\target\classes\data.sql]: INSERT INTO expenses (expense_code, trip_id, category_id, amount, expense_date, location, description, receipt_number, status, driver_by, manager_approved_at, manager_approved_by_id, manager_note, accountant_approved_at, accountant_approved_by_id, accountant_note, created_at, updated_at) VALUES ('EXP001', 1, 1, 450000, '2024-10-01', 'Trạm xăng Shell, Hà Nội', 'Đổ xăng trước khi khởi hành', 'HD001234', 'ACCOUNTANT_APPROVED', 5, '2024-10-01 16:00:00', 2, 'Hợp lý', '2024-10-01 17:00:00', 4, 'Đã thanh toán', '2024-10-01 06:15:00', '2024-10-01 17:00:00'), ('EXP002', 1, 2, 80000, '2024-10-01', 'Trạm thu phí Pháp Vân - Cầu Giẽ', 'Phí đường cao tốc', 'TOLL001', 'ACCOUNTANT_APPROVED', 5, '2024-10-01 16:00:00', 2, 'OK', '2024-10-01 17:00:00', 4, 'Đã thanh toán', '2024-10-01 06:45:00', '2024-10-01 17:00:00'), ('EXP003', 1, 4, 50000, '2024-10-01', 'Quán cơm Hải Phòng', 'Ăn trưa', NULL, 'ACCOUNTANT_APPROVED', 5, '2024-10-01 16:00:00', 2, 'Đúng định mức', '2024-10-01 17:00:00', 4, 'Đã thanh toán', '2024-10-01 12:00:00', '2024-10-01 17:00:00'), ('EXP004', 2, 1, 650000, '2024-10-02', 'Trạm xăng Petrolimex Hà Nội', 'Xăng cho chuyến đi', 'HD002345', 'ACCOUNTANT_APPROVED', 6, '2024-10-02 15:00:00', 2, 'Phù hợp', '2024-10-02 16:00:00', 4, 'Đã chi trả', '2024-10-02 05:20:00', '2024-10-02 16:00:00'), ('EXP005', 2, 2, 120000, '2024-10-02', 'Trạm thu phí Bỉm Sơn', 'Phí đường bộ', 'TOLL002', 'ACCOUNTANT_APPROVED', 6, '2024-10-02 15:00:00', 2, 'Chuẩn', '2024-10-02 16:00:00', 4, 'Đã chi trả', '2024-10-02 07:30:00', '2024-10-02 16:00:00'), ('EXP006', 2, 4, 60000, '2024-10-02', 'Nhà hàng Thanh Hóa', 'Bữa trưa', NULL, 'ACCOUNTANT_APPROVED', 6, '2024-10-02 15:00:00', 2, 'OK', '2024-10-02 16:00:00', 4, 'Đã chi trả', '2024-10-02 12:30:00', '2024-10-02 16:00:00'), ('EXP007', 3, 1, 1200000, '2024-10-03', 'Trạm xăng Total Hà Nội', 'Xăng cho chuyến xa', 'HD003456', 'ACCOUNTANT_APPROVED', 7, '2024-10-03 17:00:00', 3, 'Hợp lệ', '2024-10-03 18:00:00', 4, 'Đã thanh toán', '2024-10-03 04:30:00', '2024-10-03 18:00:00'), ('EXP008', 3, 2, 200000, '2024-10-03', 'Các trạm thu phí tuyến Hà Nội - Nghệ An', 'Phí cao tốc', 'TOLL003', 'ACCOUNTANT_APPROVED', 7, '2024-10-03 17:00:00', 3, 'Đúng', '2024-10-03 18:00:00', 4, 'Đã thanh toán', '2024-10-03 06:00:00', '2024-10-03 18:00:00'), ('EXP009', 3, 4, 80000, '2024-10-03', 'Quán ăn Vinh, Nghệ An', 'Ăn uống trên đường', NULL, 'ACCOUNTANT_APPROVED', 7, '2024-10-03 17:00:00', 3, 'Phù hợp', '2024-10-03 18:00:00', 4, 'Đã thanh toán', '2024-10-03 11:30:00', '2024-10-03 18:00:00'), ('EXP010', 6, 1, 3200000, '2024-10-20', 'Trạm xăng Hà Tĩnh', 'Xăng cho chuyến đi xa', 'HD004567', 'MANAGER_APPROVED', 7, '2024-10-20 20:00:00', 2, 'Số tiền hợp lý cho chuyến xa', NULL, NULL, NULL, '2024-10-20 10:30:00', '2024-10-20 20:00:00'), ('EXP011', 6, 2, 350000, '2024-10-20', 'Các trạm thu phí đường dài', 'Phí đường bộ', 'TOLL004', 'MANAGER_APPROVED', 7, '2024-10-20 20:00:00', 2, 'OK', NULL, NULL, NULL, '2024-10-20 08:00:00', '2024-10-20 20:00:00'), ('EXP012', 6, 4, 150000, '2024-10-20', 'Nhà hàng Quảng Bình', 'Ăn trưa trên đường', NULL, 'MANAGER_APPROVED', 7, '2024-10-20 20:00:00', 2, 'Phù hợp', NULL, NULL, NULL, '2024-10-20 13:00:00', '2024-10-20 20:00:00'), ('EXP013', 7, 1, 380000, '2024-10-21', 'Trạm xăng Hải Dương', 'Xăng đổ thêm', 'HD005678', 'PENDING', 8, NULL, NULL, NULL, NULL, NULL, NULL, '2024-10-21 07:30:00', '2024-10-21 07:30:00'), ('EXP014', 7, 2, 70000, '2024-10-21', 'Trạm thu phí Hà Nội - Hải Phòng', 'Phí đường', 'TOLL005', 'PENDING', 8, NULL, NULL, NULL, NULL, NULL, NULL, '2024-10-21 06:30:00', '2024-10-21 06:30:00'), ('EXP015', NULL, 6, 2500000, '2024-10-10', 'Gara Thăng Long, Hà Nội', 'Bảo dưỡng định kỳ 10000km xe 29C-12345', 'GR001234', 'ACCOUNTANT_APPROVED', NULL, '2024-10-11 10:00:00', 2, 'Bảo dưỡng đầy đủ', '2024-10-11 14:00:00', 4, 'Đã thanh toán', '2024-10-10 15:00:00', '2024-10-11 14:00:00'), ('EXP016', NULL, 5, 1800000, '2024-10-12', 'Gara Isuzu Hà Nội', 'Thay lốp xe 30G-23456', 'GR002345', 'ACCOUNTANT_APPROVED', NULL, '2024-10-13 09:00:00', 3, 'Chi phí hợp lý', '2024-10-13 11:00:00', 4, 'Đã chi trả', '2024-10-12 14:00:00', '2024-10-13 11:00:00'), ('EXP017', NULL, 7, 4500000, '2024-10-08', 'Công ty Bảo hiểm PTI', 'Gia hạn bảo hiểm xe 29C-12345', 'BH001234', 'ACCOUNTANT_APPROVED', NULL, '2024-10-09 10:00:00', 2, 'Thanh toán bảo hiểm năm 2025', '2024-10-09 15:00:00', 4, 'Đã chuyển khoản', '2024-10-08 10:00:00', '2024-10-09 15:00:00')
2025-10-25 16:39:56 [restartedMain] INFO  o.s.o.j.LocalContainerEntityManagerFactoryBean - Closing JPA EntityManagerFactory for persistence unit 'default'
2025-10-25 16:39:56 [restartedMain] INFO  com.zaxxer.hikari.HikariDataSource - HikariPool-1 - Shutdown initiated...
2025-10-25 16:39:56 [restartedMain] INFO  com.zaxxer.hikari.HikariDataSource - HikariPool-1 - Shutdown completed.
2025-10-25 16:39:56 [restartedMain] INFO  o.a.catalina.core.StandardService - Stopping service [Tomcat]
2025-10-25 16:39:56 [restartedMain] INFO  o.s.b.a.l.ConditionEvaluationReportLogger - 

Error starting ApplicationContext. To display the condition evaluation report re-run your application with 'debug' enabled.
2025-10-25 16:39:56 [restartedMain] ERROR o.s.boot.SpringApplication - Application run failed
org.springframework.beans.factory.BeanCreationException: Error creating bean with name 'dataSourceScriptDatabaseInitializer' defined in class path resource [org/springframework/boot/autoconfigure/sql/init/DataSourceInitializationConfiguration.class]: Failed to execute SQL script statement #9 of file [D:\ITS\Truck\target\classes\data.sql]: INSERT INTO expenses (expense_code, trip_id, category_id, amount, expense_date, location, description, receipt_number, status, driver_by, manager_approved_at, manager_approved_by_id, manager_note, accountant_approved_at, accountant_approved_by_id, accountant_note, created_at, updated_at) VALUES ('EXP001', 1, 1, 450000, '2024-10-01', 'Trạm xăng Shell, Hà Nội', 'Đổ xăng trước khi khởi hành', 'HD001234', 'ACCOUNTANT_APPROVED', 5, '2024-10-01 16:00:00', 2, 'Hợp lý', '2024-10-01 17:00:00', 4, 'Đã thanh toán', '2024-10-01 06:15:00', '2024-10-01 17:00:00'), ('EXP002', 1, 2, 80000, '2024-10-01', 'Trạm thu phí Pháp Vân - Cầu Giẽ', 'Phí đường cao tốc', 'TOLL001', 'ACCOUNTANT_APPROVED', 5, '2024-10-01 16:00:00', 2, 'OK', '2024-10-01 17:00:00', 4, 'Đã thanh toán', '2024-10-01 06:45:00', '2024-10-01 17:00:00'), ('EXP003', 1, 4, 50000, '2024-10-01', 'Quán cơm Hải Phòng', 'Ăn trưa', NULL, 'ACCOUNTANT_APPROVED', 5, '2024-10-01 16:00:00', 2, 'Đúng định mức', '2024-10-01 17:00:00', 4, 'Đã thanh toán', '2024-10-01 12:00:00', '2024-10-01 17:00:00'), ('EXP004', 2, 1, 650000, '2024-10-02', 'Trạm xăng Petrolimex Hà Nội', 'Xăng cho chuyến đi', 'HD002345', 'ACCOUNTANT_APPROVED', 6, '2024-10-02 15:00:00', 2, 'Phù hợp', '2024-10-02 16:00:00', 4, 'Đã chi trả', '2024-10-02 05:20:00', '2024-10-02 16:00:00'), ('EXP005', 2, 2, 120000, '2024-10-02', 'Trạm thu phí Bỉm Sơn', 'Phí đường bộ', 'TOLL002', 'ACCOUNTANT_APPROVED', 6, '2024-10-02 15:00:00', 2, 'Chuẩn', '2024-10-02 16:00:00', 4, 'Đã chi trả', '2024-10-02 07:30:00', '2024-10-02 16:00:00'), ('EXP006', 2, 4, 60000, '2024-10-02', 'Nhà hàng Thanh Hóa', 'Bữa trưa', NULL, 'ACCOUNTANT_APPROVED', 6, '2024-10-02 15:00:00', 2, 'OK', '2024-10-02 16:00:00', 4, 'Đã chi trả', '2024-10-02 12:30:00', '2024-10-02 16:00:00'), ('EXP007', 3, 1, 1200000, '2024-10-03', 'Trạm xăng Total Hà Nội', 'Xăng cho chuyến xa', 'HD003456', 'ACCOUNTANT_APPROVED', 7, '2024-10-03 17:00:00', 3, 'Hợp lệ', '2024-10-03 18:00:00', 4, 'Đã thanh toán', '2024-10-03 04:30:00', '2024-10-03 18:00:00'), ('EXP008', 3, 2, 200000, '2024-10-03', 'Các trạm thu phí tuyến Hà Nội - Nghệ An', 'Phí cao tốc', 'TOLL003', 'ACCOUNTANT_APPROVED', 7, '2024-10-03 17:00:00', 3, 'Đúng', '2024-10-03 18:00:00', 4, 'Đã thanh toán', '2024-10-03 06:00:00', '2024-10-03 18:00:00'), ('EXP009', 3, 4, 80000, '2024-10-03', 'Quán ăn Vinh, Nghệ An', 'Ăn uống trên đường', NULL, 'ACCOUNTANT_APPROVED', 7, '2024-10-03 17:00:00', 3, 'Phù hợp', '2024-10-03 18:00:00', 4, 'Đã thanh toán', '2024-10-03 11:30:00', '2024-10-03 18:00:00'), ('EXP010', 6, 1, 3200000, '2024-10-20', 'Trạm xăng Hà Tĩnh', 'Xăng cho chuyến đi xa', 'HD004567', 'MANAGER_APPROVED', 7, '2024-10-20 20:00:00', 2, 'Số tiền hợp lý cho chuyến xa', NULL, NULL, NULL, '2024-10-20 10:30:00', '2024-10-20 20:00:00'), ('EXP011', 6, 2, 350000, '2024-10-20', 'Các trạm thu phí đường dài', 'Phí đường bộ', 'TOLL004', 'MANAGER_APPROVED', 7, '2024-10-20 20:00:00', 2, 'OK', NULL, NULL, NULL, '2024-10-20 08:00:00', '2024-10-20 20:00:00'), ('EXP012', 6, 4, 150000, '2024-10-20', 'Nhà hàng Quảng Bình', 'Ăn trưa trên đường', NULL, 'MANAGER_APPROVED', 7, '2024-10-20 20:00:00', 2, 'Phù hợp', NULL, NULL, NULL, '2024-10-20 13:00:00', '2024-10-20 20:00:00'), ('EXP013', 7, 1, 380000, '2024-10-21', 'Trạm xăng Hải Dương', 'Xăng đổ thêm', 'HD005678', 'PENDING', 8, NULL, NULL, NULL, NULL, NULL, NULL, '2024-10-21 07:30:00', '2024-10-21 07:30:00'), ('EXP014', 7, 2, 70000, '2024-10-21', 'Trạm thu phí Hà Nội - Hải Phòng', 'Phí đường', 'TOLL005', 'PENDING', 8, NULL, NULL, NULL, NULL, NULL, NULL, '2024-10-21 06:30:00', '2024-10-21 06:30:00'), ('EXP015', NULL, 6, 2500000, '2024-10-10', 'Gara Thăng Long, Hà Nội', 'Bảo dưỡng định kỳ 10000km xe 29C-12345', 'GR001234', 'ACCOUNTANT_APPROVED', NULL, '2024-10-11 10:00:00', 2, 'Bảo dưỡng đầy đủ', '2024-10-11 14:00:00', 4, 'Đã thanh toán', '2024-10-10 15:00:00', '2024-10-11 14:00:00'), ('EXP016', NULL, 5, 1800000, '2024-10-12', 'Gara Isuzu Hà Nội', 'Thay lốp xe 30G-23456', 'GR002345', 'ACCOUNTANT_APPROVED', NULL, '2024-10-13 09:00:00', 3, 'Chi phí hợp lý', '2024-10-13 11:00:00', 4, 'Đã chi trả', '2024-10-12 14:00:00', '2024-10-13 11:00:00'), ('EXP017', NULL, 7, 4500000, '2024-10-08', 'Công ty Bảo hiểm PTI', 'Gia hạn bảo hiểm xe 29C-12345', 'BH001234', 'ACCOUNTANT_APPROVED', NULL, '2024-10-09 10:00:00', 2, 'Thanh toán bảo hiểm năm 2025', '2024-10-09 15:00:00', 4, 'Đã chuyển khoản', '2024-10-08 10:00:00', '2024-10-09 15:00:00')
	at org.springframework.beans.factory.support.AbstractAutowireCapableBeanFactory.initializeBean(AbstractAutowireCapableBeanFactory.java:1826)
	at org.springframework.beans.factory.support.AbstractAutowireCapableBeanFactory.doCreateBean(AbstractAutowireCapableBeanFactory.java:607)
	at org.springframework.beans.factory.support.AbstractAutowireCapableBeanFactory.createBean(AbstractAutowireCapableBeanFactory.java:529)
	at org.springframework.beans.factory.support.AbstractBeanFactory.lambda$doGetBean$0(AbstractBeanFactory.java:339)
	at org.springframework.beans.factory.support.DefaultSingletonBeanRegistry.getSingleton(DefaultSingletonBeanRegistry.java:373)
	at org.springframework.beans.factory.support.AbstractBeanFactory.doGetBean(AbstractBeanFactory.java:337)
	at org.springframework.beans.factory.support.AbstractBeanFactory.getBean(AbstractBeanFactory.java:202)
	at org.springframework.beans.factory.support.AbstractBeanFactory.doGetBean(AbstractBeanFactory.java:315)
	at org.springframework.beans.factory.support.AbstractBeanFactory.getBean(AbstractBeanFactory.java:202)
	at org.springframework.beans.factory.support.DefaultListableBeanFactory.instantiateSingleton(DefaultListableBeanFactory.java:1221)
	at org.springframework.beans.factory.support.DefaultListableBeanFactory.preInstantiateSingleton(DefaultListableBeanFactory.java:1187)
	at org.springframework.beans.factory.support.DefaultListableBeanFactory.preInstantiateSingletons(DefaultListableBeanFactory.java:1123)
	at org.springframework.context.support.AbstractApplicationContext.finishBeanFactoryInitialization(AbstractApplicationContext.java:987)
	at org.springframework.context.support.AbstractApplicationContext.refresh(AbstractApplicationContext.java:627)
	at org.springframework.boot.web.servlet.context.ServletWebServerApplicationContext.refresh(ServletWebServerApplicationContext.java:146)
	at org.springframework.boot.SpringApplication.refresh(SpringApplication.java:752)
	at org.springframework.boot.SpringApplication.refreshContext(SpringApplication.java:439)
	at org.springframework.boot.SpringApplication.run(SpringApplication.java:318)
	at org.springframework.boot.SpringApplication.run(SpringApplication.java:1361)
	at org.springframework.boot.SpringApplication.run(SpringApplication.java:1350)
	at com.transport.VanchuyenApplication.main(VanchuyenApplication.java:10)
	at java.base/jdk.internal.reflect.DirectMethodHandleAccessor.invoke(DirectMethodHandleAccessor.java:103)
	at java.base/java.lang.reflect.Method.invoke(Method.java:580)
	at org.springframework.boot.devtools.restart.RestartLauncher.run(RestartLauncher.java:50)
Caused by: org.springframework.jdbc.datasource.init.ScriptStatementFailedException: Failed to execute SQL script statement #9 of file [D:\ITS\Truck\target\classes\data.sql]: INSERT INTO expenses (expense_code, trip_id, category_id, amount, expense_date, location, description, receipt_number, status, driver_by, manager_approved_at, manager_approved_by_id, manager_note, accountant_approved_at, accountant_approved_by_id, accountant_note, created_at, updated_at) VALUES ('EXP001', 1, 1, 450000, '2024-10-01', 'Trạm xăng Shell, Hà Nội', 'Đổ xăng trước khi khởi hành', 'HD001234', 'ACCOUNTANT_APPROVED', 5, '2024-10-01 16:00:00', 2, 'Hợp lý', '2024-10-01 17:00:00', 4, 'Đã thanh toán', '2024-10-01 06:15:00', '2024-10-01 17:00:00'), ('EXP002', 1, 2, 80000, '2024-10-01', 'Trạm thu phí Pháp Vân - Cầu Giẽ', 'Phí đường cao tốc', 'TOLL001', 'ACCOUNTANT_APPROVED', 5, '2024-10-01 16:00:00', 2, 'OK', '2024-10-01 17:00:00', 4, 'Đã thanh toán', '2024-10-01 06:45:00', '2024-10-01 17:00:00'), ('EXP003', 1, 4, 50000, '2024-10-01', 'Quán cơm Hải Phòng', 'Ăn trưa', NULL, 'ACCOUNTANT_APPROVED', 5, '2024-10-01 16:00:00', 2, 'Đúng định mức', '2024-10-01 17:00:00', 4, 'Đã thanh toán', '2024-10-01 12:00:00', '2024-10-01 17:00:00'), ('EXP004', 2, 1, 650000, '2024-10-02', 'Trạm xăng Petrolimex Hà Nội', 'Xăng cho chuyến đi', 'HD002345', 'ACCOUNTANT_APPROVED', 6, '2024-10-02 15:00:00', 2, 'Phù hợp', '2024-10-02 16:00:00', 4, 'Đã chi trả', '2024-10-02 05:20:00', '2024-10-02 16:00:00'), ('EXP005', 2, 2, 120000, '2024-10-02', 'Trạm thu phí Bỉm Sơn', 'Phí đường bộ', 'TOLL002', 'ACCOUNTANT_APPROVED', 6, '2024-10-02 15:00:00', 2, 'Chuẩn', '2024-10-02 16:00:00', 4, 'Đã chi trả', '2024-10-02 07:30:00', '2024-10-02 16:00:00'), ('EXP006', 2, 4, 60000, '2024-10-02', 'Nhà hàng Thanh Hóa', 'Bữa trưa', NULL, 'ACCOUNTANT_APPROVED', 6, '2024-10-02 15:00:00', 2, 'OK', '2024-10-02 16:00:00', 4, 'Đã chi trả', '2024-10-02 12:30:00', '2024-10-02 16:00:00'), ('EXP007', 3, 1, 1200000, '2024-10-03', 'Trạm xăng Total Hà Nội', 'Xăng cho chuyến xa', 'HD003456', 'ACCOUNTANT_APPROVED', 7, '2024-10-03 17:00:00', 3, 'Hợp lệ', '2024-10-03 18:00:00', 4, 'Đã thanh toán', '2024-10-03 04:30:00', '2024-10-03 18:00:00'), ('EXP008', 3, 2, 200000, '2024-10-03', 'Các trạm thu phí tuyến Hà Nội - Nghệ An', 'Phí cao tốc', 'TOLL003', 'ACCOUNTANT_APPROVED', 7, '2024-10-03 17:00:00', 3, 'Đúng', '2024-10-03 18:00:00', 4, 'Đã thanh toán', '2024-10-03 06:00:00', '2024-10-03 18:00:00'), ('EXP009', 3, 4, 80000, '2024-10-03', 'Quán ăn Vinh, Nghệ An', 'Ăn uống trên đường', NULL, 'ACCOUNTANT_APPROVED', 7, '2024-10-03 17:00:00', 3, 'Phù hợp', '2024-10-03 18:00:00', 4, 'Đã thanh toán', '2024-10-03 11:30:00', '2024-10-03 18:00:00'), ('EXP010', 6, 1, 3200000, '2024-10-20', 'Trạm xăng Hà Tĩnh', 'Xăng cho chuyến đi xa', 'HD004567', 'MANAGER_APPROVED', 7, '2024-10-20 20:00:00', 2, 'Số tiền hợp lý cho chuyến xa', NULL, NULL, NULL, '2024-10-20 10:30:00', '2024-10-20 20:00:00'), ('EXP011', 6, 2, 350000, '2024-10-20', 'Các trạm thu phí đường dài', 'Phí đường bộ', 'TOLL004', 'MANAGER_APPROVED', 7, '2024-10-20 20:00:00', 2, 'OK', NULL, NULL, NULL, '2024-10-20 08:00:00', '2024-10-20 20:00:00'), ('EXP012', 6, 4, 150000, '2024-10-20', 'Nhà hàng Quảng Bình', 'Ăn trưa trên đường', NULL, 'MANAGER_APPROVED', 7, '2024-10-20 20:00:00', 2, 'Phù hợp', NULL, NULL, NULL, '2024-10-20 13:00:00', '2024-10-20 20:00:00'), ('EXP013', 7, 1, 380000, '2024-10-21', 'Trạm xăng Hải Dương', 'Xăng đổ thêm', 'HD005678', 'PENDING', 8, NULL, NULL, NULL, NULL, NULL, NULL, '2024-10-21 07:30:00', '2024-10-21 07:30:00'), ('EXP014', 7, 2, 70000, '2024-10-21', 'Trạm thu phí Hà Nội - Hải Phòng', 'Phí đường', 'TOLL005', 'PENDING', 8, NULL, NULL, NULL, NULL, NULL, NULL, '2024-10-21 06:30:00', '2024-10-21 06:30:00'), ('EXP015', NULL, 6, 2500000, '2024-10-10', 'Gara Thăng Long, Hà Nội', 'Bảo dưỡng định kỳ 10000km xe 29C-12345', 'GR001234', 'ACCOUNTANT_APPROVED', NULL, '2024-10-11 10:00:00', 2, 'Bảo dưỡng đầy đủ', '2024-10-11 14:00:00', 4, 'Đã thanh toán', '2024-10-10 15:00:00', '2024-10-11 14:00:00'), ('EXP016', NULL, 5, 1800000, '2024-10-12', 'Gara Isuzu Hà Nội', 'Thay lốp xe 30G-23456', 'GR002345', 'ACCOUNTANT_APPROVED', NULL, '2024-10-13 09:00:00', 3, 'Chi phí hợp lý', '2024-10-13 11:00:00', 4, 'Đã chi trả', '2024-10-12 14:00:00', '2024-10-13 11:00:00'), ('EXP017', NULL, 7, 4500000, '2024-10-08', 'Công ty Bảo hiểm PTI', 'Gia hạn bảo hiểm xe 29C-12345', 'BH001234', 'ACCOUNTANT_APPROVED', NULL, '2024-10-09 10:00:00', 2, 'Thanh toán bảo hiểm năm 2025', '2024-10-09 15:00:00', 4, 'Đã chuyển khoản', '2024-10-08 10:00:00', '2024-10-09 15:00:00')
	at org.springframework.jdbc.datasource.init.ScriptUtils.executeSqlScript(ScriptUtils.java:293)
	at org.springframework.jdbc.datasource.init.ResourceDatabasePopulator.populate(ResourceDatabasePopulator.java:254)
	at org.springframework.jdbc.datasource.init.DatabasePopulatorUtils.execute(DatabasePopulatorUtils.java:54)
	at org.springframework.boot.jdbc.init.DataSourceScriptDatabaseInitializer.runScripts(DataSourceScriptDatabaseInitializer.java:87)
	at org.springframework.boot.sql.init.AbstractScriptDatabaseInitializer.runScripts(AbstractScriptDatabaseInitializer.java:146)
	at org.springframework.boot.sql.init.AbstractScriptDatabaseInitializer.applyScripts(AbstractScriptDatabaseInitializer.java:108)
	at org.springframework.boot.sql.init.AbstractScriptDatabaseInitializer.applyDataScripts(AbstractScriptDatabaseInitializer.java:102)
	at org.springframework.boot.sql.init.AbstractScriptDatabaseInitializer.initializeDatabase(AbstractScriptDatabaseInitializer.java:77)
	at org.springframework.boot.sql.init.AbstractScriptDatabaseInitializer.afterPropertiesSet(AbstractScriptDatabaseInitializer.java:66)
	at org.springframework.beans.factory.support.AbstractAutowireCapableBeanFactory.invokeInitMethods(AbstractAutowireCapableBeanFactory.java:1873)
	at org.springframework.beans.factory.support.AbstractAutowireCapableBeanFactory.initializeBean(AbstractAutowireCapableBeanFactory.java:1822)
	... 23 common frames omitted
Caused by: java.sql.SQLSyntaxErrorException: Unknown column 'driver_by' in 'field list'
	at com.mysql.cj.jdbc.exceptions.SQLError.createSQLException(SQLError.java:112)
	at com.mysql.cj.jdbc.exceptions.SQLExceptionsMapping.translateException(SQLExceptionsMapping.java:114)
	at com.mysql.cj.jdbc.StatementImpl.executeInternal(StatementImpl.java:837)
	at com.mysql.cj.jdbc.StatementImpl.execute(StatementImpl.java:685)
	at com.zaxxer.hikari.pool.ProxyStatement.execute(ProxyStatement.java:95)
	at com.zaxxer.hikari.pool.HikariProxyStatement.execute(HikariProxyStatement.java)
	at org.springframework.jdbc.datasource.init.ScriptUtils.executeSqlScript(ScriptUtils.java:261)
	... 33 common frames omitted
2025-10-25 16:45:05 [background-preinit] INFO  o.h.validator.internal.util.Version - HV000001: Hibernate Validator 8.0.3.Final
2025-10-25 16:45:05 [restartedMain] INFO  com.transport.VanchuyenApplication - Starting VanchuyenApplication using Java 21.0.7 with PID 4740 (D:\ITS\Truck\target\classes started by LENOVO in D:\ITS\Truck)
2025-10-25 16:45:05 [restartedMain] INFO  com.transport.VanchuyenApplication - No active profile set, falling back to 1 default profile: "default"
2025-10-25 16:45:05 [restartedMain] INFO  o.s.b.d.e.DevToolsPropertyDefaultsPostProcessor - Devtools property defaults active! Set 'spring.devtools.add-properties' to 'false' to disable
2025-10-25 16:45:05 [restartedMain] INFO  o.s.b.d.e.DevToolsPropertyDefaultsPostProcessor - For additional web related logging consider setting the 'logging.level.web' property to 'DEBUG'
2025-10-25 16:45:08 [restartedMain] INFO  o.s.d.r.c.RepositoryConfigurationDelegate - Bootstrapping Spring Data JPA repositories in DEFAULT mode.
2025-10-25 16:45:08 [restartedMain] INFO  o.s.d.r.c.RepositoryConfigurationDelegate - Finished Spring Data repository scanning in 80 ms. Found 0 JPA repository interfaces.
2025-10-25 16:45:11 [restartedMain] INFO  o.s.b.w.e.tomcat.TomcatWebServer - Tomcat initialized with port 8080 (http)
2025-10-25 16:45:11 [restartedMain] INFO  o.a.coyote.http11.Http11NioProtocol - Initializing ProtocolHandler ["http-nio-8080"]
2025-10-25 16:45:11 [restartedMain] INFO  o.a.catalina.core.StandardService - Starting service [Tomcat]
2025-10-25 16:45:11 [restartedMain] INFO  o.a.catalina.core.StandardEngine - Starting Servlet engine: [Apache Tomcat/10.1.46]
2025-10-25 16:45:11 [restartedMain] INFO  o.a.c.c.C.[Tomcat].[localhost].[/] - Initializing Spring embedded WebApplicationContext
2025-10-25 16:45:11 [restartedMain] INFO  o.s.b.w.s.c.ServletWebServerApplicationContext - Root WebApplicationContext: initialization completed in 5922 ms
2025-10-25 16:45:12 [restartedMain] INFO  o.h.jpa.internal.util.LogHelper - HHH000204: Processing PersistenceUnitInfo [name: default]
2025-10-25 16:45:12 [restartedMain] INFO  org.hibernate.Version - HHH000412: Hibernate ORM core version 6.6.29.Final
2025-10-25 16:45:12 [restartedMain] INFO  o.h.c.i.RegionFactoryInitiator - HHH000026: Second-level cache disabled
2025-10-25 16:45:13 [restartedMain] INFO  o.s.o.j.p.SpringPersistenceUnitInfo - No LoadTimeWeaver setup: ignoring JPA class transformer
2025-10-25 16:45:13 [restartedMain] INFO  com.zaxxer.hikari.HikariDataSource - HikariPool-1 - Starting...
2025-10-25 16:45:15 [restartedMain] INFO  com.zaxxer.hikari.pool.HikariPool - HikariPool-1 - Added connection com.mysql.cj.jdbc.ConnectionImpl@5f405a64
2025-10-25 16:45:15 [restartedMain] INFO  com.zaxxer.hikari.HikariDataSource - HikariPool-1 - Start completed.
2025-10-25 16:45:15 [restartedMain] WARN  org.hibernate.orm.deprecation - HHH90000025: MySQLDialect does not need to be specified explicitly using 'hibernate.dialect' (remove the property setting and it will be selected by default)
2025-10-25 16:45:15 [restartedMain] INFO  o.hibernate.orm.connections.pooling - HHH10001005: Database info:
	Database JDBC URL [Connecting through datasource 'HikariDataSource (HikariPool-1)']
	Database driver: undefined/unknown
	Database version: 8.0.30
	Autocommit mode: undefined/unknown
	Isolation level: undefined/unknown
	Minimum pool size: undefined/unknown
	Maximum pool size: undefined/unknown
2025-10-25 16:45:21 [restartedMain] INFO  o.h.e.t.j.p.i.JtaPlatformInitiator - HHH000489: No JTA platform available (set 'hibernate.transaction.jta.platform' to enable JTA platform integration)
2025-10-25 16:45:21 [restartedMain] DEBUG org.hibernate.SQL - create table drivers (id bigint not null, created_at datetime(6), updated_at datetime(6), base_salary decimal(38,2), driver_code varchar(255), employment_status enum ('ACTIVE','ON_LEAVE','RESIGNED','SUSPENDED') not null, license_class varchar(255) not null, license_expiry_date date not null, license_issue_date date not null, license_number varchar(255), note varchar(255), years_of_experience integer, primary key (id)) engine=InnoDB
2025-10-25 16:45:22 [restartedMain] DEBUG org.hibernate.SQL - create table expense_categories (id bigint not null auto_increment, category_group enum ('ACCOMMODATION','ADMINISTRATIVE','FUEL','MAINTENANCE','MEAL','OTHER','PARKING','TOLL'), code varchar(255) not null, description varchar(255), is_active bit not null, name varchar(255) not null, primary key (id)) engine=InnoDB
2025-10-25 16:45:22 [restartedMain] DEBUG org.hibernate.SQL - create table expenses (id bigint not null auto_increment, created_at datetime(6), updated_at datetime(6), accountant_approved_at datetime(6), accountant_note varchar(255), amount decimal(38,2), attachment_url varchar(255), description varchar(255), expense_code varchar(255), expense_date date, location varchar(255), manager_approved_at datetime(6), manager_note varchar(255), receipt_number varchar(255), status enum ('ACCOUNTANT_APPROVED','MANAGER_APPROVED','PAID','PENDING','REJECTED') not null, accountant_approved_by_id bigint, category_id bigint not null, driver_by_id bigint, manager_approved_by_id bigint, trip_id bigint, primary key (id)) engine=InnoDB
2025-10-25 16:45:22 [restartedMain] DEBUG org.hibernate.SQL - create table invalidated_tokens (token_id varchar(36) not null, expiry_time datetime(6) not null, primary key (token_id)) engine=InnoDB
2025-10-25 16:45:22 [restartedMain] DEBUG org.hibernate.SQL - create table permissions (id bigint not null auto_increment, permission_name varchar(255) not null, primary key (id)) engine=InnoDB
2025-10-25 16:45:23 [restartedMain] DEBUG org.hibernate.SQL - create table routes (id bigint not null auto_increment, code varchar(255), description varchar(1000), destination varchar(200) not null, distance_km decimal(10,2) not null, estimated_duration_hours decimal(5,2), estimated_fuel_cost decimal(15,2), is_active bit not null, name varchar(200) not null, origin varchar(200) not null, primary key (id)) engine=InnoDB
2025-10-25 16:45:23 [restartedMain] DEBUG org.hibernate.SQL - create table salary_reports (id bigint not null auto_increment, created_at datetime(6), updated_at datetime(6), allowance decimal(38,2), base_salary decimal(38,2), deduction decimal(38,2), is_paid bit not null, note varchar(255), paid_at datetime(6), report_month varbinary(255) not null, total_distance decimal(38,2), total_salary decimal(38,2) not null, total_trips integer not null, trip_bonus decimal(38,2), driver_id bigint not null, primary key (id)) engine=InnoDB
2025-10-25 16:45:23 [restartedMain] DEBUG org.hibernate.SQL - create table trips (id bigint not null auto_increment, created_at datetime(6), updated_at datetime(6), actual_arrival_time datetime(6), approved_at datetime(6), cancellation_reason varchar(255), cancelled_at datetime(6), cargo_description varchar(255), cargo_weight decimal(38,2), completed_at datetime(6), departure_time datetime(6), estimated_arrival_time datetime(6), note varchar(255), status enum ('APPROVED','CANCELLED','COMPLETED','IN_PROGRESS','PENDING'), trip_code varchar(255), approved_by bigint, created_by bigint, driver_id bigint, route_id bigint, vehicle_id bigint, primary key (id)) engine=InnoDB
2025-10-25 16:45:23 [restartedMain] DEBUG org.hibernate.SQL - create table user_permissions (user_id bigint not null, permission_id bigint not null, primary key (user_id, permission_id)) engine=InnoDB
2025-10-25 16:45:23 [restartedMain] DEBUG org.hibernate.SQL - create table users (id bigint not null auto_increment, created_at datetime(6), updated_at datetime(6), address varchar(255), avatar_url varchar(255), date_of_birth date, full_name varchar(255), id_number varchar(255), is_active bit, password varchar(255) not null, phone varchar(255), role enum ('ACCOUNTANT','ADMIN','DRIVER','MANAGER','OPERATOR') not null, username varchar(255) not null, primary key (id)) engine=InnoDB
2025-10-25 16:45:23 [restartedMain] DEBUG org.hibernate.SQL - create table vehicle_types (id bigint not null auto_increment, code varchar(255), description varchar(255), is_active bit, max_payload decimal(38,2), name varchar(255), primary key (id)) engine=InnoDB
2025-10-25 16:45:23 [restartedMain] DEBUG org.hibernate.SQL - create table vehicles (id bigint not null auto_increment, created_at datetime(6), updated_at datetime(6), brand varchar(255), color varchar(255), engine_number varchar(255), inspection_expiry_date date, insurance_expiry_date date, license_plate varchar(255), manufacture_year integer, model varchar(255), note varchar(1000), purchase_date date, registration_date date, status enum ('AVAILABLE','BROKEN','INACTIVE','IN_USE','MAINTENANCE'), vin varchar(255), vehicle_type_id bigint, primary key (id)) engine=InnoDB
2025-10-25 16:45:23 [restartedMain] DEBUG org.hibernate.SQL - create index idx_driver_code on drivers (driver_code)
2025-10-25 16:45:23 [restartedMain] DEBUG org.hibernate.SQL - create index idx_license_number on drivers (license_number)
2025-10-25 16:45:23 [restartedMain] DEBUG org.hibernate.SQL - alter table drivers drop index UKaci756ta5yabak10263t72gny
2025-10-25 16:45:26 [restartedMain] DEBUG org.hibernate.SQL - alter table drivers add constraint UKaci756ta5yabak10263t72gny unique (driver_code)
2025-10-25 16:45:26 [restartedMain] DEBUG org.hibernate.SQL - alter table drivers drop index UKcr60ij36fuvtcb87298g6rct6
2025-10-25 16:45:26 [restartedMain] DEBUG org.hibernate.SQL - alter table drivers add constraint UKcr60ij36fuvtcb87298g6rct6 unique (license_number)
2025-10-25 16:45:26 [restartedMain] DEBUG org.hibernate.SQL - alter table expense_categories drop index UKf6jlej8txbi96jpr2757v48mf
2025-10-25 16:45:26 [restartedMain] DEBUG org.hibernate.SQL - alter table expense_categories add constraint UKf6jlej8txbi96jpr2757v48mf unique (code)
2025-10-25 16:45:26 [restartedMain] DEBUG org.hibernate.SQL - create index idx_trip_id on expenses (trip_id)
2025-10-25 16:45:27 [restartedMain] DEBUG org.hibernate.SQL - create index idx_status on expenses (status)
2025-10-25 16:45:27 [restartedMain] DEBUG org.hibernate.SQL - create index idx_expense_date on expenses (expense_date)
2025-10-25 16:45:27 [restartedMain] DEBUG org.hibernate.SQL - alter table expenses drop index UK8b047f7t6u869sya4xh6f8530
2025-10-25 16:45:27 [restartedMain] DEBUG org.hibernate.SQL - alter table expenses add constraint UK8b047f7t6u869sya4xh6f8530 unique (expense_code)
2025-10-25 16:45:28 [restartedMain] DEBUG org.hibernate.SQL - alter table permissions drop index UKnry1f3jmc4abb5yvkftlvn6vg
2025-10-25 16:45:28 [restartedMain] DEBUG org.hibernate.SQL - alter table permissions add constraint UKnry1f3jmc4abb5yvkftlvn6vg unique (permission_name)
2025-10-25 16:45:28 [restartedMain] DEBUG org.hibernate.SQL - alter table routes drop index UKa9rxiut5x5syhn30p1e5uxfn5
2025-10-25 16:45:28 [restartedMain] DEBUG org.hibernate.SQL - alter table routes add constraint UKa9rxiut5x5syhn30p1e5uxfn5 unique (code)
2025-10-25 16:45:28 [restartedMain] DEBUG org.hibernate.SQL - create index idx_driver_month on salary_reports (driver_id, report_month)
2025-10-25 16:45:28 [restartedMain] DEBUG org.hibernate.SQL - create index idx_trip_code on trips (trip_code)
2025-10-25 16:45:28 [restartedMain] DEBUG org.hibernate.SQL - create index idx_status on trips (status)
2025-10-25 16:45:29 [restartedMain] DEBUG org.hibernate.SQL - create index idx_departure on trips (departure_time)
2025-10-25 16:45:29 [restartedMain] DEBUG org.hibernate.SQL - alter table trips drop index UKsp0nm9rujn2bx6kexw6uv35ks
2025-10-25 16:45:29 [restartedMain] DEBUG org.hibernate.SQL - alter table trips add constraint UKsp0nm9rujn2bx6kexw6uv35ks unique (trip_code)
2025-10-25 16:45:29 [restartedMain] DEBUG org.hibernate.SQL - create index idx_username on users (username)
2025-10-25 16:45:29 [restartedMain] DEBUG org.hibernate.SQL - alter table users drop index UKr43af9ap4edm43mmtq01oddj6
2025-10-25 16:45:29 [restartedMain] DEBUG org.hibernate.SQL - alter table users add constraint UKr43af9ap4edm43mmtq01oddj6 unique (username)
2025-10-25 16:45:29 [restartedMain] DEBUG org.hibernate.SQL - alter table vehicle_types drop index UK3vupqfm0cv4hpg7xukymc5r48
2025-10-25 16:45:29 [restartedMain] DEBUG org.hibernate.SQL - alter table vehicle_types add constraint UK3vupqfm0cv4hpg7xukymc5r48 unique (code)
2025-10-25 16:45:29 [restartedMain] DEBUG org.hibernate.SQL - create index idx_license_plate on vehicles (license_plate)
2025-10-25 16:45:29 [restartedMain] DEBUG org.hibernate.SQL - create index idx_status on vehicles (status)
2025-10-25 16:45:29 [restartedMain] DEBUG org.hibernate.SQL - alter table vehicles drop index UK6brka0b8j7n06xd43x37hlvlt
2025-10-25 16:45:29 [restartedMain] DEBUG org.hibernate.SQL - alter table vehicles add constraint UK6brka0b8j7n06xd43x37hlvlt unique (vin)
2025-10-25 16:45:29 [restartedMain] DEBUG org.hibernate.SQL - alter table drivers add constraint FK42t7oc22hxtycuep31ry8csap foreign key (id) references users (id)
2025-10-25 16:45:30 [restartedMain] DEBUG org.hibernate.SQL - alter table expenses add constraint FKlff3kma37l6x5me5b16t6ewkx foreign key (accountant_approved_by_id) references users (id)
2025-10-25 16:45:30 [restartedMain] DEBUG org.hibernate.SQL - alter table expenses add constraint FKg7aulw52en8nct0mjq8uut03q foreign key (category_id) references expense_categories (id)
2025-10-25 16:45:31 [restartedMain] DEBUG org.hibernate.SQL - alter table expenses add constraint FKpi5l7ivord78p2qmanfeomt9j foreign key (driver_by_id) references drivers (id)
2025-10-25 16:45:32 [restartedMain] DEBUG org.hibernate.SQL - alter table expenses add constraint FKl040r4i5b86uyrh9ti5c0sl6x foreign key (manager_approved_by_id) references users (id)
2025-10-25 16:45:32 [restartedMain] DEBUG org.hibernate.SQL - alter table expenses add constraint FK9twvm79qw1voae3xgtn1xq5y9 foreign key (trip_id) references trips (id)
2025-10-25 16:45:32 [restartedMain] DEBUG org.hibernate.SQL - alter table salary_reports add constraint FKqwrytpk1jx20cjltclg7ceixo foreign key (driver_id) references drivers (id)
2025-10-25 16:45:32 [restartedMain] DEBUG org.hibernate.SQL - alter table trips add constraint FKclwe5e2id272mqpxp5errv3k5 foreign key (approved_by) references users (id)
2025-10-25 16:45:33 [restartedMain] DEBUG org.hibernate.SQL - alter table trips add constraint FKc4x3abgpcmxs8xcr9f238fpby foreign key (created_by) references users (id)
2025-10-25 16:45:33 [restartedMain] DEBUG org.hibernate.SQL - alter table trips add constraint FKaq8aob3mymsvmh1fkko7k9ql9 foreign key (driver_id) references drivers (id)
2025-10-25 16:45:34 [restartedMain] DEBUG org.hibernate.SQL - alter table trips add constraint FKm7ci3blm9wj2k0d94chu18y7s foreign key (route_id) references routes (id)
2025-10-25 16:45:34 [restartedMain] DEBUG org.hibernate.SQL - alter table trips add constraint FKqahsaodjirbk4if91c9bfnlgg foreign key (vehicle_id) references vehicles (id)
2025-10-25 16:45:35 [restartedMain] DEBUG org.hibernate.SQL - alter table user_permissions add constraint FKq4qlrabt4s0etm9tfkoqfuib1 foreign key (permission_id) references permissions (id)
2025-10-25 16:45:35 [restartedMain] DEBUG org.hibernate.SQL - alter table user_permissions add constraint FKkowxl8b2bngrxd1gafh13005u foreign key (user_id) references users (id)
2025-10-25 16:45:35 [restartedMain] DEBUG org.hibernate.SQL - alter table vehicles add constraint FKk3cs3vldlan30kg1x6b57i4fe foreign key (vehicle_type_id) references vehicle_types (id)
2025-10-25 16:45:36 [restartedMain] INFO  o.s.o.j.LocalContainerEntityManagerFactoryBean - Initialized JPA EntityManagerFactory for persistence unit 'default'
2025-10-25 16:45:37 [restartedMain] WARN  o.s.b.a.o.j.JpaBaseConfiguration$JpaWebConfiguration - spring.jpa.open-in-view is enabled by default. Therefore, database queries may be performed during view rendering. Explicitly configure spring.jpa.open-in-view to disable this warning
2025-10-25 16:45:39 [restartedMain] INFO  o.s.b.d.a.OptionalLiveReloadServer - LiveReload server is running on port 35729
2025-10-25 16:45:40 [restartedMain] INFO  o.a.coyote.http11.Http11NioProtocol - Starting ProtocolHandler ["http-nio-8080"]
2025-10-25 16:45:40 [restartedMain] INFO  o.s.b.w.e.tomcat.TomcatWebServer - Tomcat started on port 8080 (http) with context path '/'
2025-10-25 16:45:40 [restartedMain] INFO  com.transport.VanchuyenApplication - Started VanchuyenApplication in 36.381 seconds (process running for 38.67)
2025-10-25 16:45:56 [SpringApplicationShutdownHook] INFO  o.s.b.w.e.tomcat.GracefulShutdown - Commencing graceful shutdown. Waiting for active requests to complete
2025-10-25 16:45:56 [tomcat-shutdown] INFO  o.s.b.w.e.tomcat.GracefulShutdown - Graceful shutdown complete
2025-10-25 16:45:56 [SpringApplicationShutdownHook] INFO  o.s.o.j.LocalContainerEntityManagerFactoryBean - Closing JPA EntityManagerFactory for persistence unit 'default'
2025-10-25 16:45:56 [SpringApplicationShutdownHook] INFO  com.zaxxer.hikari.HikariDataSource - HikariPool-1 - Shutdown initiated...
2025-10-25 16:45:56 [SpringApplicationShutdownHook] INFO  com.zaxxer.hikari.HikariDataSource - HikariPool-1 - Shutdown completed.
2025-10-25 16:46:51 [background-preinit] INFO  o.h.validator.internal.util.Version - HV000001: Hibernate Validator 8.0.3.Final
2025-10-25 16:46:51 [restartedMain] INFO  com.transport.VanchuyenApplication - Starting VanchuyenApplication using Java 21.0.7 with PID 8860 (D:\ITS\Truck\target\classes started by LENOVO in D:\ITS\Truck)
2025-10-25 16:46:51 [restartedMain] INFO  com.transport.VanchuyenApplication - No active profile set, falling back to 1 default profile: "default"
2025-10-25 16:46:51 [restartedMain] INFO  o.s.b.d.e.DevToolsPropertyDefaultsPostProcessor - Devtools property defaults active! Set 'spring.devtools.add-properties' to 'false' to disable
2025-10-25 16:46:51 [restartedMain] INFO  o.s.b.d.e.DevToolsPropertyDefaultsPostProcessor - For additional web related logging consider setting the 'logging.level.web' property to 'DEBUG'
2025-10-25 16:46:55 [restartedMain] INFO  o.s.d.r.c.RepositoryConfigurationDelegate - Bootstrapping Spring Data JPA repositories in DEFAULT mode.
2025-10-25 16:46:55 [restartedMain] INFO  o.s.d.r.c.RepositoryConfigurationDelegate - Finished Spring Data repository scanning in 89 ms. Found 0 JPA repository interfaces.
2025-10-25 16:46:57 [restartedMain] INFO  o.s.b.w.e.tomcat.TomcatWebServer - Tomcat initialized with port 8080 (http)
2025-10-25 16:46:57 [restartedMain] INFO  o.a.coyote.http11.Http11NioProtocol - Initializing ProtocolHandler ["http-nio-8080"]
2025-10-25 16:46:57 [restartedMain] INFO  o.a.catalina.core.StandardService - Starting service [Tomcat]
2025-10-25 16:46:57 [restartedMain] INFO  o.a.catalina.core.StandardEngine - Starting Servlet engine: [Apache Tomcat/10.1.46]
2025-10-25 16:46:57 [restartedMain] INFO  o.a.c.c.C.[Tomcat].[localhost].[/] - Initializing Spring embedded WebApplicationContext
2025-10-25 16:46:57 [restartedMain] INFO  o.s.b.w.s.c.ServletWebServerApplicationContext - Root WebApplicationContext: initialization completed in 5889 ms
2025-10-25 16:46:58 [restartedMain] INFO  o.h.jpa.internal.util.LogHelper - HHH000204: Processing PersistenceUnitInfo [name: default]
2025-10-25 16:46:58 [restartedMain] INFO  org.hibernate.Version - HHH000412: Hibernate ORM core version 6.6.29.Final
2025-10-25 16:46:58 [restartedMain] INFO  o.h.c.i.RegionFactoryInitiator - HHH000026: Second-level cache disabled
2025-10-25 16:46:59 [restartedMain] INFO  o.s.o.j.p.SpringPersistenceUnitInfo - No LoadTimeWeaver setup: ignoring JPA class transformer
2025-10-25 16:46:59 [restartedMain] INFO  com.zaxxer.hikari.HikariDataSource - HikariPool-1 - Starting...
2025-10-25 16:47:01 [restartedMain] INFO  com.zaxxer.hikari.pool.HikariPool - HikariPool-1 - Added connection com.mysql.cj.jdbc.ConnectionImpl@5a13d787
2025-10-25 16:47:01 [restartedMain] INFO  com.zaxxer.hikari.HikariDataSource - HikariPool-1 - Start completed.
2025-10-25 16:47:01 [restartedMain] WARN  org.hibernate.orm.deprecation - HHH90000025: MySQLDialect does not need to be specified explicitly using 'hibernate.dialect' (remove the property setting and it will be selected by default)
2025-10-25 16:47:01 [restartedMain] INFO  o.hibernate.orm.connections.pooling - HHH10001005: Database info:
	Database JDBC URL [Connecting through datasource 'HikariDataSource (HikariPool-1)']
	Database driver: undefined/unknown
	Database version: 8.0.30
	Autocommit mode: undefined/unknown
	Isolation level: undefined/unknown
	Minimum pool size: undefined/unknown
	Maximum pool size: undefined/unknown
2025-10-25 16:47:05 [restartedMain] INFO  o.h.e.t.j.p.i.JtaPlatformInitiator - HHH000489: No JTA platform available (set 'hibernate.transaction.jta.platform' to enable JTA platform integration)
2025-10-25 16:47:05 [restartedMain] DEBUG org.hibernate.SQL - create table drivers (id bigint not null, created_at datetime(6), updated_at datetime(6), base_salary decimal(38,2), driver_code varchar(255), employment_status enum ('ACTIVE','ON_LEAVE','RESIGNED','SUSPENDED') not null, license_class varchar(255) not null, license_expiry_date date not null, license_issue_date date not null, license_number varchar(255), note varchar(255), years_of_experience integer, primary key (id)) engine=InnoDB
2025-10-25 16:47:07 [restartedMain] DEBUG org.hibernate.SQL - create table expense_categories (id bigint not null auto_increment, category_group enum ('ACCOMMODATION','ADMINISTRATIVE','FUEL','MAINTENANCE','MEAL','OTHER','PARKING','TOLL'), code varchar(255) not null, description varchar(255), is_active bit not null, name varchar(255) not null, primary key (id)) engine=InnoDB
2025-10-25 16:47:07 [restartedMain] DEBUG org.hibernate.SQL - create table expenses (id bigint not null auto_increment, created_at datetime(6), updated_at datetime(6), accountant_approved_at datetime(6), accountant_note varchar(255), amount decimal(38,2), attachment_url varchar(255), description varchar(255), expense_code varchar(255), expense_date date, location varchar(255), manager_approved_at datetime(6), manager_note varchar(255), receipt_number varchar(255), status enum ('ACCOUNTANT_APPROVED','MANAGER_APPROVED','PAID','PENDING','REJECTED') not null, accountant_approved_by_id bigint, category_id bigint not null, driver_by_id bigint, manager_approved_by_id bigint, trip_id bigint, primary key (id)) engine=InnoDB
2025-10-25 16:47:07 [restartedMain] DEBUG org.hibernate.SQL - create table invalidated_tokens (token_id varchar(36) not null, expiry_time datetime(6) not null, primary key (token_id)) engine=InnoDB
2025-10-25 16:47:07 [restartedMain] DEBUG org.hibernate.SQL - create table permissions (id bigint not null auto_increment, permission_name varchar(255) not null, primary key (id)) engine=InnoDB
2025-10-25 16:47:07 [restartedMain] DEBUG org.hibernate.SQL - create table routes (id bigint not null auto_increment, code varchar(255), description varchar(1000), destination varchar(200) not null, distance_km decimal(10,2) not null, estimated_duration_hours decimal(5,2), estimated_fuel_cost decimal(15,2), is_active bit not null, name varchar(200) not null, origin varchar(200) not null, primary key (id)) engine=InnoDB
2025-10-25 16:47:07 [restartedMain] DEBUG org.hibernate.SQL - create table salary_reports (id bigint not null auto_increment, created_at datetime(6), updated_at datetime(6), allowance decimal(38,2), base_salary decimal(38,2), deduction decimal(38,2), is_paid bit not null, note varchar(255), paid_at datetime(6), report_month varbinary(255) not null, total_distance decimal(38,2), total_salary decimal(38,2) not null, total_trips integer not null, trip_bonus decimal(38,2), driver_id bigint not null, primary key (id)) engine=InnoDB
2025-10-25 16:47:07 [restartedMain] DEBUG org.hibernate.SQL - create table trips (id bigint not null auto_increment, created_at datetime(6), updated_at datetime(6), actual_arrival_time datetime(6), approved_at datetime(6), cancellation_reason varchar(255), cancelled_at datetime(6), cargo_description varchar(255), cargo_weight decimal(38,2), completed_at datetime(6), departure_time datetime(6), estimated_arrival_time datetime(6), note varchar(255), status enum ('APPROVED','CANCELLED','COMPLETED','IN_PROGRESS','PENDING'), trip_code varchar(255), approved_by bigint, created_by bigint, driver_id bigint, route_id bigint, vehicle_id bigint, primary key (id)) engine=InnoDB
2025-10-25 16:47:07 [restartedMain] DEBUG org.hibernate.SQL - create table user_permissions (user_id bigint not null, permission_id bigint not null, primary key (user_id, permission_id)) engine=InnoDB
2025-10-25 16:47:07 [restartedMain] DEBUG org.hibernate.SQL - create table users (id bigint not null auto_increment, created_at datetime(6), updated_at datetime(6), address varchar(255), avatar_url varchar(255), date_of_birth date, full_name varchar(255), id_number varchar(255), is_active bit, password varchar(255) not null, phone varchar(255), role enum ('ACCOUNTANT','ADMIN','DRIVER','MANAGER','OPERATOR') not null, username varchar(255) not null, primary key (id)) engine=InnoDB
2025-10-25 16:47:07 [restartedMain] DEBUG org.hibernate.SQL - create table vehicle_types (id bigint not null auto_increment, code varchar(255), description varchar(255), is_active bit, max_payload decimal(38,2), name varchar(255), primary key (id)) engine=InnoDB
2025-10-25 16:47:07 [restartedMain] DEBUG org.hibernate.SQL - create table vehicles (id bigint not null auto_increment, created_at datetime(6), updated_at datetime(6), brand varchar(255), color varchar(255), engine_number varchar(255), inspection_expiry_date date, insurance_expiry_date date, license_plate varchar(255), manufacture_year integer, model varchar(255), note varchar(1000), purchase_date date, registration_date date, status enum ('AVAILABLE','BROKEN','INACTIVE','IN_USE','MAINTENANCE'), vin varchar(255), vehicle_type_id bigint, primary key (id)) engine=InnoDB
2025-10-25 16:47:08 [restartedMain] DEBUG org.hibernate.SQL - create index idx_driver_code on drivers (driver_code)
2025-10-25 16:47:08 [restartedMain] DEBUG org.hibernate.SQL - create index idx_license_number on drivers (license_number)
2025-10-25 16:47:08 [restartedMain] DEBUG org.hibernate.SQL - alter table drivers drop index UKaci756ta5yabak10263t72gny
2025-10-25 16:47:09 [restartedMain] DEBUG org.hibernate.SQL - alter table drivers add constraint UKaci756ta5yabak10263t72gny unique (driver_code)
2025-10-25 16:47:09 [restartedMain] DEBUG org.hibernate.SQL - alter table drivers drop index UKcr60ij36fuvtcb87298g6rct6
2025-10-25 16:47:09 [restartedMain] DEBUG org.hibernate.SQL - alter table drivers add constraint UKcr60ij36fuvtcb87298g6rct6 unique (license_number)
2025-10-25 16:47:09 [restartedMain] DEBUG org.hibernate.SQL - alter table expense_categories drop index UKf6jlej8txbi96jpr2757v48mf
2025-10-25 16:47:09 [restartedMain] DEBUG org.hibernate.SQL - alter table expense_categories add constraint UKf6jlej8txbi96jpr2757v48mf unique (code)
2025-10-25 16:47:09 [restartedMain] DEBUG org.hibernate.SQL - create index idx_trip_id on expenses (trip_id)
2025-10-25 16:47:10 [restartedMain] DEBUG org.hibernate.SQL - create index idx_status on expenses (status)
2025-10-25 16:47:10 [restartedMain] DEBUG org.hibernate.SQL - create index idx_expense_date on expenses (expense_date)
2025-10-25 16:47:10 [restartedMain] DEBUG org.hibernate.SQL - alter table expenses drop index UK8b047f7t6u869sya4xh6f8530
2025-10-25 16:47:10 [restartedMain] DEBUG org.hibernate.SQL - alter table expenses add constraint UK8b047f7t6u869sya4xh6f8530 unique (expense_code)
2025-10-25 16:47:10 [restartedMain] DEBUG org.hibernate.SQL - alter table permissions drop index UKnry1f3jmc4abb5yvkftlvn6vg
2025-10-25 16:47:10 [restartedMain] DEBUG org.hibernate.SQL - alter table permissions add constraint UKnry1f3jmc4abb5yvkftlvn6vg unique (permission_name)
2025-10-25 16:47:10 [restartedMain] DEBUG org.hibernate.SQL - alter table routes drop index UKa9rxiut5x5syhn30p1e5uxfn5
2025-10-25 16:47:10 [restartedMain] DEBUG org.hibernate.SQL - alter table routes add constraint UKa9rxiut5x5syhn30p1e5uxfn5 unique (code)
2025-10-25 16:47:10 [restartedMain] DEBUG org.hibernate.SQL - create index idx_driver_month on salary_reports (driver_id, report_month)
2025-10-25 16:47:10 [restartedMain] DEBUG org.hibernate.SQL - create index idx_trip_code on trips (trip_code)
2025-10-25 16:47:10 [restartedMain] DEBUG org.hibernate.SQL - create index idx_status on trips (status)
2025-10-25 16:47:10 [restartedMain] DEBUG org.hibernate.SQL - create index idx_departure on trips (departure_time)
2025-10-25 16:47:11 [restartedMain] DEBUG org.hibernate.SQL - alter table trips drop index UKsp0nm9rujn2bx6kexw6uv35ks
2025-10-25 16:47:11 [restartedMain] DEBUG org.hibernate.SQL - alter table trips add constraint UKsp0nm9rujn2bx6kexw6uv35ks unique (trip_code)
2025-10-25 16:47:11 [restartedMain] DEBUG org.hibernate.SQL - create index idx_username on users (username)
2025-10-25 16:47:12 [restartedMain] DEBUG org.hibernate.SQL - alter table users drop index UKr43af9ap4edm43mmtq01oddj6
2025-10-25 16:47:12 [restartedMain] DEBUG org.hibernate.SQL - alter table users add constraint UKr43af9ap4edm43mmtq01oddj6 unique (username)
2025-10-25 16:47:12 [restartedMain] DEBUG org.hibernate.SQL - alter table vehicle_types drop index UK3vupqfm0cv4hpg7xukymc5r48
2025-10-25 16:47:12 [restartedMain] DEBUG org.hibernate.SQL - alter table vehicle_types add constraint UK3vupqfm0cv4hpg7xukymc5r48 unique (code)
2025-10-25 16:47:12 [restartedMain] DEBUG org.hibernate.SQL - create index idx_license_plate on vehicles (license_plate)
2025-10-25 16:47:12 [restartedMain] DEBUG org.hibernate.SQL - create index idx_status on vehicles (status)
2025-10-25 16:47:12 [restartedMain] DEBUG org.hibernate.SQL - alter table vehicles drop index UK6brka0b8j7n06xd43x37hlvlt
2025-10-25 16:47:12 [restartedMain] DEBUG org.hibernate.SQL - alter table vehicles add constraint UK6brka0b8j7n06xd43x37hlvlt unique (vin)
2025-10-25 16:47:13 [restartedMain] DEBUG org.hibernate.SQL - alter table drivers add constraint FK42t7oc22hxtycuep31ry8csap foreign key (id) references users (id)
2025-10-25 16:47:13 [restartedMain] DEBUG org.hibernate.SQL - alter table expenses add constraint FKlff3kma37l6x5me5b16t6ewkx foreign key (accountant_approved_by_id) references users (id)
2025-10-25 16:47:14 [restartedMain] DEBUG org.hibernate.SQL - alter table expenses add constraint FKg7aulw52en8nct0mjq8uut03q foreign key (category_id) references expense_categories (id)
2025-10-25 16:47:14 [restartedMain] DEBUG org.hibernate.SQL - alter table expenses add constraint FKpi5l7ivord78p2qmanfeomt9j foreign key (driver_by_id) references drivers (id)
2025-10-25 16:47:14 [restartedMain] DEBUG org.hibernate.SQL - alter table expenses add constraint FKl040r4i5b86uyrh9ti5c0sl6x foreign key (manager_approved_by_id) references users (id)
2025-10-25 16:47:15 [restartedMain] DEBUG org.hibernate.SQL - alter table expenses add constraint FK9twvm79qw1voae3xgtn1xq5y9 foreign key (trip_id) references trips (id)
2025-10-25 16:47:16 [restartedMain] DEBUG org.hibernate.SQL - alter table salary_reports add constraint FKqwrytpk1jx20cjltclg7ceixo foreign key (driver_id) references drivers (id)
2025-10-25 16:47:16 [restartedMain] DEBUG org.hibernate.SQL - alter table trips add constraint FKclwe5e2id272mqpxp5errv3k5 foreign key (approved_by) references users (id)
2025-10-25 16:47:16 [restartedMain] DEBUG org.hibernate.SQL - alter table trips add constraint FKc4x3abgpcmxs8xcr9f238fpby foreign key (created_by) references users (id)
2025-10-25 16:47:17 [restartedMain] DEBUG org.hibernate.SQL - alter table trips add constraint FKaq8aob3mymsvmh1fkko7k9ql9 foreign key (driver_id) references drivers (id)
2025-10-25 16:47:17 [restartedMain] DEBUG org.hibernate.SQL - alter table trips add constraint FKm7ci3blm9wj2k0d94chu18y7s foreign key (route_id) references routes (id)
2025-10-25 16:47:17 [restartedMain] DEBUG org.hibernate.SQL - alter table trips add constraint FKqahsaodjirbk4if91c9bfnlgg foreign key (vehicle_id) references vehicles (id)
2025-10-25 16:47:18 [restartedMain] DEBUG org.hibernate.SQL - alter table user_permissions add constraint FKq4qlrabt4s0etm9tfkoqfuib1 foreign key (permission_id) references permissions (id)
2025-10-25 16:47:18 [restartedMain] DEBUG org.hibernate.SQL - alter table user_permissions add constraint FKkowxl8b2bngrxd1gafh13005u foreign key (user_id) references users (id)
2025-10-25 16:47:18 [restartedMain] DEBUG org.hibernate.SQL - alter table vehicles add constraint FKk3cs3vldlan30kg1x6b57i4fe foreign key (vehicle_type_id) references vehicle_types (id)
2025-10-25 16:47:19 [restartedMain] INFO  o.s.o.j.LocalContainerEntityManagerFactoryBean - Initialized JPA EntityManagerFactory for persistence unit 'default'
2025-10-25 16:47:19 [restartedMain] WARN  o.s.b.a.o.j.JpaBaseConfiguration$JpaWebConfiguration - spring.jpa.open-in-view is enabled by default. Therefore, database queries may be performed during view rendering. Explicitly configure spring.jpa.open-in-view to disable this warning
2025-10-25 16:47:21 [restartedMain] INFO  o.s.b.d.a.OptionalLiveReloadServer - LiveReload server is running on port 35729
2025-10-25 16:47:21 [restartedMain] INFO  o.a.coyote.http11.Http11NioProtocol - Starting ProtocolHandler ["http-nio-8080"]
2025-10-25 16:47:21 [restartedMain] INFO  o.s.b.w.e.tomcat.TomcatWebServer - Tomcat started on port 8080 (http) with context path '/'
2025-10-25 16:47:21 [restartedMain] INFO  com.transport.VanchuyenApplication - Started VanchuyenApplication in 32.833 seconds (process running for 35.931)
